ERROR - 2022-08-11 16:55:44 --> Error connecting to the database: Access denied for user '****'@'localhost' (using password: YES)
CRITICAL - 2022-08-11 16:55:44 --> Unable to connect to the database.
Main connection [MySQLi]: Access denied for user '****'@'localhost' (using password: YES)
#0 D:\kamandakabase\vendor\codeigniter4\framework\system\Database\BaseConnection.php(577): CodeIgniter\Database\BaseConnection->initialize()
#1 D:\kamandakabase\vendor\codeigniter4\framework\system\Database\BaseBuilder.php(1455): CodeIgniter\Database\BaseConnection->query()
#2 D:\kamandakabase\vendor\codeigniter4\framework\system\Model.php(183): CodeIgniter\Database\BaseBuilder->get()
#3 D:\kamandakabase\vendor\codeigniter4\framework\system\BaseModel.php(584): CodeIgniter\Model->doFindAll()
#4 D:\kamandakabase\app\Controllers\Home.php(11): CodeIgniter\BaseModel->findAll()
#5 D:\kamandakabase\vendor\codeigniter4\framework\system\CodeIgniter.php(837): App\Controllers\Home->index()
#6 D:\kamandakabase\vendor\codeigniter4\framework\system\CodeIgniter.php(424): CodeIgniter\CodeIgniter->runController()
#7 D:\kamandakabase\vendor\codeigniter4\framework\system\CodeIgniter.php(331): CodeIgniter\CodeIgniter->handleRequest()
#8 D:\kamandakabase\index.php(37): CodeIgniter\CodeIgniter->run()
#9 {main}
CRITICAL - 2022-08-11 17:00:16 --> Invalid file: home/theme.php
#0 D:\kamandakabase\vendor\codeigniter4\framework\system\View\View.php(198): CodeIgniter\Exceptions\FrameworkException::forInvalidFile()
#1 D:\kamandakabase\vendor\codeigniter4\framework\system\Common.php(1089): CodeIgniter\View\View->render()
#2 D:\kamandakabase\app\Controllers\Home.php(19): view()
#3 D:\kamandakabase\vendor\codeigniter4\framework\system\CodeIgniter.php(837): App\Controllers\Home->index()
#4 D:\kamandakabase\vendor\codeigniter4\framework\system\CodeIgniter.php(424): CodeIgniter\CodeIgniter->runController()
#5 D:\kamandakabase\vendor\codeigniter4\framework\system\CodeIgniter.php(331): CodeIgniter\CodeIgniter->handleRequest()
#6 D:\kamandakabase\index.php(37): CodeIgniter\CodeIgniter->run()
#7 {main}
