CRITICAL - 2024-06-04 09:34:53 --> Undefined array key "email"
#0 C:\laragon\www\skripsi-arya\app\Views\admin\data_supir.php(44): CodeIgniter\Debug\Exceptions->errorHandler(2, 'Undefined array...', 'C:\\laragon\\www\\...', 44)
#1 C:\laragon\www\skripsi-arya\vendor\codeigniter4\framework\system\View\View.php(210): include('C:\\laragon\\www\\...')
#2 C:\laragon\www\skripsi-arya\vendor\codeigniter4\framework\system\View\View.php(213): CodeIgniter\View\View->CodeIgniter\View\{closure}()
#3 C:\laragon\www\skripsi-arya\vendor\codeigniter4\framework\system\Common.php(1089): CodeIgniter\View\View->render('admin/data_supi...', Array, true)
#4 C:\laragon\www\skripsi-arya\app\Controllers\Admin.php(208): view('admin/data_supi...', Array)
#5 C:\laragon\www\skripsi-arya\vendor\codeigniter4\framework\system\CodeIgniter.php(837): App\Controllers\Admin->dataSupir()
#6 C:\laragon\www\skripsi-arya\vendor\codeigniter4\framework\system\CodeIgniter.php(424): CodeIgniter\CodeIgniter->runController(Object(App\Controllers\Admin))
#7 C:\laragon\www\skripsi-arya\vendor\codeigniter4\framework\system\CodeIgniter.php(331): CodeIgniter\CodeIgniter->handleRequest(NULL, Object(Config\Cache), false)
#8 C:\laragon\www\skripsi-arya\index.php(37): CodeIgniter\CodeIgniter->run()
#9 {main}
ERROR - 2024-06-04 09:53:55 --> Unknown column 'no_ktp' in 'where clause'
ERROR - 2024-06-04 09:54:41 --> Unknown column 'no_ktp' in 'where clause'
ERROR - 2024-06-04 09:54:55 --> Unknown column 'no_ktp' in 'where clause'
CRITICAL - 2024-06-04 09:59:21 --> Too few arguments to function App\Controllers\Admin::hapusAdmin(), 0 passed in C:\laragon\www\skripsi-arya\vendor\codeigniter4\framework\system\CodeIgniter.php on line 837 and exactly 1 expected
#0 C:\laragon\www\skripsi-arya\vendor\codeigniter4\framework\system\CodeIgniter.php(837): App\Controllers\Admin->hapusAdmin()
#1 C:\laragon\www\skripsi-arya\vendor\codeigniter4\framework\system\CodeIgniter.php(424): CodeIgniter\CodeIgniter->runController(Object(App\Controllers\Admin))
#2 C:\laragon\www\skripsi-arya\vendor\codeigniter4\framework\system\CodeIgniter.php(331): CodeIgniter\CodeIgniter->handleRequest(NULL, Object(Config\Cache), false)
#3 C:\laragon\www\skripsi-arya\index.php(37): CodeIgniter\CodeIgniter->run()
#4 {main}
CRITICAL - 2024-06-04 10:11:10 --> Undefined variable $assetsPath
#0 C:\laragon\www\skripsi-arya\app\Views\home\booking.php(1): CodeIgniter\Debug\Exceptions->errorHandler(2, 'Undefined varia...', 'C:\\laragon\\www\\...', 1)
#1 C:\laragon\www\skripsi-arya\vendor\codeigniter4\framework\system\View\View.php(210): include('C:\\laragon\\www\\...')
#2 C:\laragon\www\skripsi-arya\vendor\codeigniter4\framework\system\View\View.php(213): CodeIgniter\View\View->CodeIgniter\View\{closure}()
#3 C:\laragon\www\skripsi-arya\vendor\codeigniter4\framework\system\Common.php(1089): CodeIgniter\View\View->render('/home/booking', Array, true)
#4 C:\laragon\www\skripsi-arya\app\Controllers\Home.php(50): view('/home/booking')
#5 C:\laragon\www\skripsi-arya\vendor\codeigniter4\framework\system\CodeIgniter.php(837): App\Controllers\Home->booking('pajero')
#6 C:\laragon\www\skripsi-arya\vendor\codeigniter4\framework\system\CodeIgniter.php(424): CodeIgniter\CodeIgniter->runController(Object(App\Controllers\Home))
#7 C:\laragon\www\skripsi-arya\vendor\codeigniter4\framework\system\CodeIgniter.php(331): CodeIgniter\CodeIgniter->handleRequest(NULL, Object(Config\Cache), false)
#8 C:\laragon\www\skripsi-arya\index.php(37): CodeIgniter\CodeIgniter->run()
#9 {main}
CRITICAL - 2024-06-04 10:12:21 --> Undefined variable $dataMeta
#0 C:\laragon\www\skripsi-arya\app\Views\template\default.php(25): CodeIgniter\Debug\Exceptions->errorHandler(2, 'Undefined varia...', 'C:\\laragon\\www\\...', 25)
#1 C:\laragon\www\skripsi-arya\vendor\codeigniter4\framework\system\View\View.php(210): include('C:\\laragon\\www\\...')
#2 C:\laragon\www\skripsi-arya\vendor\codeigniter4\framework\system\View\View.php(213): CodeIgniter\View\View->CodeIgniter\View\{closure}()
#3 C:\laragon\www\skripsi-arya\vendor\codeigniter4\framework\system\View\View.php(226): CodeIgniter\View\View->render('template/defaul...', Array, true)
#4 C:\laragon\www\skripsi-arya\vendor\codeigniter4\framework\system\Common.php(1089): CodeIgniter\View\View->render('/home/booking', Array, true)
#5 C:\laragon\www\skripsi-arya\app\Controllers\Home.php(53): view('/home/booking', Array)
#6 C:\laragon\www\skripsi-arya\vendor\codeigniter4\framework\system\CodeIgniter.php(837): App\Controllers\Home->booking('pajero')
#7 C:\laragon\www\skripsi-arya\vendor\codeigniter4\framework\system\CodeIgniter.php(424): CodeIgniter\CodeIgniter->runController(Object(App\Controllers\Home))
#8 C:\laragon\www\skripsi-arya\vendor\codeigniter4\framework\system\CodeIgniter.php(331): CodeIgniter\CodeIgniter->handleRequest(NULL, Object(Config\Cache), false)
#9 C:\laragon\www\skripsi-arya\index.php(37): CodeIgniter\CodeIgniter->run()
#10 {main}
CRITICAL - 2024-06-04 10:12:39 --> Undefined variable $id
#0 C:\laragon\www\skripsi-arya\app\Controllers\Home.php(51): CodeIgniter\Debug\Exceptions->errorHandler(2, 'Undefined varia...', 'C:\\laragon\\www\\...', 51)
#1 C:\laragon\www\skripsi-arya\vendor\codeigniter4\framework\system\CodeIgniter.php(837): App\Controllers\Home->booking('pajero')
#2 C:\laragon\www\skripsi-arya\vendor\codeigniter4\framework\system\CodeIgniter.php(424): CodeIgniter\CodeIgniter->runController(Object(App\Controllers\Home))
#3 C:\laragon\www\skripsi-arya\vendor\codeigniter4\framework\system\CodeIgniter.php(331): CodeIgniter\CodeIgniter->handleRequest(NULL, Object(Config\Cache), false)
#4 C:\laragon\www\skripsi-arya\index.php(37): CodeIgniter\CodeIgniter->run()
#5 {main}
CRITICAL - 2024-06-04 10:16:29 --> Undefined variable $assetsPath
#0 C:\laragon\www\skripsi-arya\app\Views\home\booking.php(1): CodeIgniter\Debug\Exceptions->errorHandler(2, 'Undefined varia...', 'C:\\laragon\\www\\...', 1)
#1 C:\laragon\www\skripsi-arya\vendor\codeigniter4\framework\system\View\View.php(210): include('C:\\laragon\\www\\...')
#2 C:\laragon\www\skripsi-arya\vendor\codeigniter4\framework\system\View\View.php(213): CodeIgniter\View\View->CodeIgniter\View\{closure}()
#3 C:\laragon\www\skripsi-arya\vendor\codeigniter4\framework\system\View\View.php(424): CodeIgniter\View\View->render('home/booking', NULL, true)
#4 C:\laragon\www\skripsi-arya\app\Views\home\detail.php(104): CodeIgniter\View\View->include('home/booking')
#5 C:\laragon\www\skripsi-arya\vendor\codeigniter4\framework\system\View\View.php(210): include('C:\\laragon\\www\\...')
#6 C:\laragon\www\skripsi-arya\vendor\codeigniter4\framework\system\View\View.php(213): CodeIgniter\View\View->CodeIgniter\View\{closure}()
#7 C:\laragon\www\skripsi-arya\vendor\codeigniter4\framework\system\Common.php(1089): CodeIgniter\View\View->render('home/detail', Array, true)
#8 C:\laragon\www\skripsi-arya\app\Controllers\Home.php(36): view('home/detail', Array)
#9 C:\laragon\www\skripsi-arya\vendor\codeigniter4\framework\system\CodeIgniter.php(837): App\Controllers\Home->rental('pajero')
#10 C:\laragon\www\skripsi-arya\vendor\codeigniter4\framework\system\CodeIgniter.php(424): CodeIgniter\CodeIgniter->runController(Object(App\Controllers\Home))
#11 C:\laragon\www\skripsi-arya\vendor\codeigniter4\framework\system\CodeIgniter.php(331): CodeIgniter\CodeIgniter->handleRequest(NULL, Object(Config\Cache), false)
#12 C:\laragon\www\skripsi-arya\index.php(37): CodeIgniter\CodeIgniter->run()
#13 {main}
CRITICAL - 2024-06-04 10:16:42 --> Call to undefined method CodeIgniter\View\View::extends()
#0 C:\laragon\www\skripsi-arya\vendor\codeigniter4\framework\system\View\View.php(210): include()
#1 C:\laragon\www\skripsi-arya\vendor\codeigniter4\framework\system\View\View.php(213): CodeIgniter\View\View->CodeIgniter\View\{closure}()
#2 C:\laragon\www\skripsi-arya\vendor\codeigniter4\framework\system\Common.php(1089): CodeIgniter\View\View->render('home/detail', Array, true)
#3 C:\laragon\www\skripsi-arya\app\Controllers\Home.php(36): view('home/detail', Array)
#4 C:\laragon\www\skripsi-arya\vendor\codeigniter4\framework\system\CodeIgniter.php(837): App\Controllers\Home->rental('pajero')
#5 C:\laragon\www\skripsi-arya\vendor\codeigniter4\framework\system\CodeIgniter.php(424): CodeIgniter\CodeIgniter->runController(Object(App\Controllers\Home))
#6 C:\laragon\www\skripsi-arya\vendor\codeigniter4\framework\system\CodeIgniter.php(331): CodeIgniter\CodeIgniter->handleRequest(NULL, Object(Config\Cache), false)
#7 C:\laragon\www\skripsi-arya\index.php(37): CodeIgniter\CodeIgniter->run()
#8 {main}
CRITICAL - 2024-06-04 10:16:47 --> Undefined variable $assetsPath
#0 C:\laragon\www\skripsi-arya\app\Views\home\booking.php(1): CodeIgniter\Debug\Exceptions->errorHandler(2, 'Undefined varia...', 'C:\\laragon\\www\\...', 1)
#1 C:\laragon\www\skripsi-arya\vendor\codeigniter4\framework\system\View\View.php(210): include('C:\\laragon\\www\\...')
#2 C:\laragon\www\skripsi-arya\vendor\codeigniter4\framework\system\View\View.php(213): CodeIgniter\View\View->CodeIgniter\View\{closure}()
#3 C:\laragon\www\skripsi-arya\vendor\codeigniter4\framework\system\View\View.php(226): CodeIgniter\View\View->render('home/booking', Array, true)
#4 C:\laragon\www\skripsi-arya\vendor\codeigniter4\framework\system\Common.php(1089): CodeIgniter\View\View->render('home/detail', Array, true)
#5 C:\laragon\www\skripsi-arya\app\Controllers\Home.php(36): view('home/detail', Array)
#6 C:\laragon\www\skripsi-arya\vendor\codeigniter4\framework\system\CodeIgniter.php(837): App\Controllers\Home->rental('pajero')
#7 C:\laragon\www\skripsi-arya\vendor\codeigniter4\framework\system\CodeIgniter.php(424): CodeIgniter\CodeIgniter->runController(Object(App\Controllers\Home))
#8 C:\laragon\www\skripsi-arya\vendor\codeigniter4\framework\system\CodeIgniter.php(331): CodeIgniter\CodeIgniter->handleRequest(NULL, Object(Config\Cache), false)
#9 C:\laragon\www\skripsi-arya\index.php(37): CodeIgniter\CodeIgniter->run()
#10 {main}
CRITICAL - 2024-06-04 10:16:59 --> Undefined variable $assetsPath
#0 C:\laragon\www\skripsi-arya\app\Views\home\booking.php(1): CodeIgniter\Debug\Exceptions->errorHandler(2, 'Undefined varia...', 'C:\\laragon\\www\\...', 1)
#1 C:\laragon\www\skripsi-arya\vendor\codeigniter4\framework\system\View\View.php(210): include('C:\\laragon\\www\\...')
#2 C:\laragon\www\skripsi-arya\vendor\codeigniter4\framework\system\View\View.php(213): CodeIgniter\View\View->CodeIgniter\View\{closure}()
#3 C:\laragon\www\skripsi-arya\vendor\codeigniter4\framework\system\View\View.php(226): CodeIgniter\View\View->render('home/booking', Array, true)
#4 C:\laragon\www\skripsi-arya\vendor\codeigniter4\framework\system\Common.php(1089): CodeIgniter\View\View->render('home/detail', Array, true)
#5 C:\laragon\www\skripsi-arya\app\Controllers\Home.php(36): view('home/detail', Array)
#6 C:\laragon\www\skripsi-arya\vendor\codeigniter4\framework\system\CodeIgniter.php(837): App\Controllers\Home->rental('pajero')
#7 C:\laragon\www\skripsi-arya\vendor\codeigniter4\framework\system\CodeIgniter.php(424): CodeIgniter\CodeIgniter->runController(Object(App\Controllers\Home))
#8 C:\laragon\www\skripsi-arya\vendor\codeigniter4\framework\system\CodeIgniter.php(331): CodeIgniter\CodeIgniter->handleRequest(NULL, Object(Config\Cache), false)
#9 C:\laragon\www\skripsi-arya\index.php(37): CodeIgniter\CodeIgniter->run()
#10 {main}
CRITICAL - 2024-06-04 10:17:07 --> Undefined variable $assetsPath
#0 C:\laragon\www\skripsi-arya\app\Views\home\booking.php(1): CodeIgniter\Debug\Exceptions->errorHandler(2, 'Undefined varia...', 'C:\\laragon\\www\\...', 1)
#1 C:\laragon\www\skripsi-arya\vendor\codeigniter4\framework\system\View\View.php(210): include('C:\\laragon\\www\\...')
#2 C:\laragon\www\skripsi-arya\vendor\codeigniter4\framework\system\View\View.php(213): CodeIgniter\View\View->CodeIgniter\View\{closure}()
#3 C:\laragon\www\skripsi-arya\vendor\codeigniter4\framework\system\View\View.php(424): CodeIgniter\View\View->render('home/booking', Array, true)
#4 C:\laragon\www\skripsi-arya\app\Views\home\detail.php(104): CodeIgniter\View\View->include('home/booking', Array)
#5 C:\laragon\www\skripsi-arya\vendor\codeigniter4\framework\system\View\View.php(210): include('C:\\laragon\\www\\...')
#6 C:\laragon\www\skripsi-arya\vendor\codeigniter4\framework\system\View\View.php(213): CodeIgniter\View\View->CodeIgniter\View\{closure}()
#7 C:\laragon\www\skripsi-arya\vendor\codeigniter4\framework\system\Common.php(1089): CodeIgniter\View\View->render('home/detail', Array, true)
#8 C:\laragon\www\skripsi-arya\app\Controllers\Home.php(36): view('home/detail', Array)
#9 C:\laragon\www\skripsi-arya\vendor\codeigniter4\framework\system\CodeIgniter.php(837): App\Controllers\Home->rental('pajero')
#10 C:\laragon\www\skripsi-arya\vendor\codeigniter4\framework\system\CodeIgniter.php(424): CodeIgniter\CodeIgniter->runController(Object(App\Controllers\Home))
#11 C:\laragon\www\skripsi-arya\vendor\codeigniter4\framework\system\CodeIgniter.php(331): CodeIgniter\CodeIgniter->handleRequest(NULL, Object(Config\Cache), false)
#12 C:\laragon\www\skripsi-arya\index.php(37): CodeIgniter\CodeIgniter->run()
#13 {main}
