CRITICAL - 2022-08-13 01:40:06 --> Invalid file: template/defaut.php
#0 D:\kamandakabase\vendor\codeigniter4\framework\system\View\View.php(198): CodeIgniter\Exceptions\FrameworkException::forInvalidFile()
#1 D:\kamandakabase\vendor\codeigniter4\framework\system\View\View.php(226): CodeIgniter\View\View->render()
#2 D:\kamandakabase\vendor\codeigniter4\framework\system\Common.php(1089): CodeIgniter\View\View->render()
#3 D:\kamandakabase\app\Controllers\Home.php(19): view()
#4 D:\kamandakabase\vendor\codeigniter4\framework\system\CodeIgniter.php(837): App\Controllers\Home->index()
#5 D:\kamandakabase\vendor\codeigniter4\framework\system\CodeIgniter.php(424): CodeIgniter\CodeIgniter->runController()
#6 D:\kamandakabase\vendor\codeigniter4\framework\system\CodeIgniter.php(331): CodeIgniter\CodeIgniter->handleRequest()
#7 D:\kamandakabase\index.php(37): CodeIgniter\CodeIgniter->run()
#8 {main}
CRITICAL - 2022-08-13 01:50:09 --> View themes, no current section.
#0 D:\kamandakabase\app\Views\home\theme\car-list.php(406): CodeIgniter\View\View->endSection()
#1 D:\kamandakabase\vendor\codeigniter4\framework\system\View\View.php(210): include('D:\\kamandakabas...')
#2 D:\kamandakabase\vendor\codeigniter4\framework\system\View\View.php(213): CodeIgniter\View\View->CodeIgniter\View\{closure}()
#3 D:\kamandakabase\vendor\codeigniter4\framework\system\Common.php(1089): CodeIgniter\View\View->render()
#4 D:\kamandakabase\app\Controllers\Home.php(44): view()
#5 D:\kamandakabase\vendor\codeigniter4\framework\system\CodeIgniter.php(837): App\Controllers\Home->rental()
#6 D:\kamandakabase\vendor\codeigniter4\framework\system\CodeIgniter.php(424): CodeIgniter\CodeIgniter->runController()
#7 D:\kamandakabase\vendor\codeigniter4\framework\system\CodeIgniter.php(331): CodeIgniter\CodeIgniter->handleRequest()
#8 D:\kamandakabase\index.php(37): CodeIgniter\CodeIgniter->run()
#9 {main}
CRITICAL - 2022-08-13 01:50:51 --> View themes, no current section.
#0 D:\kamandakabase\app\Views\home\theme\car-list.php(406): CodeIgniter\View\View->endSection()
#1 D:\kamandakabase\vendor\codeigniter4\framework\system\View\View.php(210): include('D:\\kamandakabas...')
#2 D:\kamandakabase\vendor\codeigniter4\framework\system\View\View.php(213): CodeIgniter\View\View->CodeIgniter\View\{closure}()
#3 D:\kamandakabase\vendor\codeigniter4\framework\system\Common.php(1089): CodeIgniter\View\View->render()
#4 D:\kamandakabase\app\Controllers\Home.php(44): view()
#5 D:\kamandakabase\vendor\codeigniter4\framework\system\CodeIgniter.php(837): App\Controllers\Home->rental()
#6 D:\kamandakabase\vendor\codeigniter4\framework\system\CodeIgniter.php(424): CodeIgniter\CodeIgniter->runController()
#7 D:\kamandakabase\vendor\codeigniter4\framework\system\CodeIgniter.php(331): CodeIgniter\CodeIgniter->handleRequest()
#8 D:\kamandakabase\index.php(37): CodeIgniter\CodeIgniter->run()
#9 {main}
CRITICAL - 2022-08-13 01:50:55 --> View themes, no current section.
#0 D:\kamandakabase\app\Views\home\theme\car-list.php(406): CodeIgniter\View\View->endSection()
#1 D:\kamandakabase\vendor\codeigniter4\framework\system\View\View.php(210): include('D:\\kamandakabas...')
#2 D:\kamandakabase\vendor\codeigniter4\framework\system\View\View.php(213): CodeIgniter\View\View->CodeIgniter\View\{closure}()
#3 D:\kamandakabase\vendor\codeigniter4\framework\system\Common.php(1089): CodeIgniter\View\View->render()
#4 D:\kamandakabase\app\Controllers\Home.php(44): view()
#5 D:\kamandakabase\vendor\codeigniter4\framework\system\CodeIgniter.php(837): App\Controllers\Home->rental()
#6 D:\kamandakabase\vendor\codeigniter4\framework\system\CodeIgniter.php(424): CodeIgniter\CodeIgniter->runController()
#7 D:\kamandakabase\vendor\codeigniter4\framework\system\CodeIgniter.php(331): CodeIgniter\CodeIgniter->handleRequest()
#8 D:\kamandakabase\index.php(37): CodeIgniter\CodeIgniter->run()
#9 {main}
CRITICAL - 2022-08-13 01:51:22 --> View themes, no current section.
#0 D:\kamandakabase\app\Views\home\theme\car-list.php(406): CodeIgniter\View\View->endSection()
#1 D:\kamandakabase\vendor\codeigniter4\framework\system\View\View.php(210): include('D:\\kamandakabas...')
#2 D:\kamandakabase\vendor\codeigniter4\framework\system\View\View.php(213): CodeIgniter\View\View->CodeIgniter\View\{closure}()
#3 D:\kamandakabase\vendor\codeigniter4\framework\system\Common.php(1089): CodeIgniter\View\View->render()
#4 D:\kamandakabase\app\Controllers\Home.php(44): view()
#5 D:\kamandakabase\vendor\codeigniter4\framework\system\CodeIgniter.php(837): App\Controllers\Home->rental()
#6 D:\kamandakabase\vendor\codeigniter4\framework\system\CodeIgniter.php(424): CodeIgniter\CodeIgniter->runController()
#7 D:\kamandakabase\vendor\codeigniter4\framework\system\CodeIgniter.php(331): CodeIgniter\CodeIgniter->handleRequest()
#8 D:\kamandakabase\index.php(37): CodeIgniter\CodeIgniter->run()
#9 {main}
CRITICAL - 2022-08-13 01:53:21 --> View themes, no current section.
#0 D:\kamandakabase\app\Views\home\car-list.php(406): CodeIgniter\View\View->endSection()
#1 D:\kamandakabase\vendor\codeigniter4\framework\system\View\View.php(210): include('D:\\kamandakabas...')
#2 D:\kamandakabase\vendor\codeigniter4\framework\system\View\View.php(213): CodeIgniter\View\View->CodeIgniter\View\{closure}()
#3 D:\kamandakabase\vendor\codeigniter4\framework\system\Common.php(1089): CodeIgniter\View\View->render()
#4 D:\kamandakabase\app\Controllers\Home.php(44): view()
#5 D:\kamandakabase\vendor\codeigniter4\framework\system\CodeIgniter.php(837): App\Controllers\Home->rental()
#6 D:\kamandakabase\vendor\codeigniter4\framework\system\CodeIgniter.php(424): CodeIgniter\CodeIgniter->runController()
#7 D:\kamandakabase\vendor\codeigniter4\framework\system\CodeIgniter.php(331): CodeIgniter\CodeIgniter->handleRequest()
#8 D:\kamandakabase\index.php(37): CodeIgniter\CodeIgniter->run()
#9 {main}
CRITICAL - 2022-08-13 01:53:36 --> View themes, no current section.
#0 D:\kamandakabase\app\Views\home\car-list.php(406): CodeIgniter\View\View->endSection()
#1 D:\kamandakabase\vendor\codeigniter4\framework\system\View\View.php(210): include('D:\\kamandakabas...')
#2 D:\kamandakabase\vendor\codeigniter4\framework\system\View\View.php(213): CodeIgniter\View\View->CodeIgniter\View\{closure}()
#3 D:\kamandakabase\vendor\codeigniter4\framework\system\Common.php(1089): CodeIgniter\View\View->render()
#4 D:\kamandakabase\app\Controllers\Home.php(44): view()
#5 D:\kamandakabase\vendor\codeigniter4\framework\system\CodeIgniter.php(837): App\Controllers\Home->rental()
#6 D:\kamandakabase\vendor\codeigniter4\framework\system\CodeIgniter.php(424): CodeIgniter\CodeIgniter->runController()
#7 D:\kamandakabase\vendor\codeigniter4\framework\system\CodeIgniter.php(331): CodeIgniter\CodeIgniter->handleRequest()
#8 D:\kamandakabase\index.php(37): CodeIgniter\CodeIgniter->run()
#9 {main}
CRITICAL - 2022-08-13 02:14:03 --> Undefined variable: daftarRental
#0 D:\kamandakabase\app\Views\home\detail.php(22): CodeIgniter\Debug\Exceptions->errorHandler()
#1 D:\kamandakabase\vendor\codeigniter4\framework\system\View\View.php(210): include('D:\\kamandakabas...')
#2 D:\kamandakabase\vendor\codeigniter4\framework\system\View\View.php(213): CodeIgniter\View\View->CodeIgniter\View\{closure}()
#3 D:\kamandakabase\vendor\codeigniter4\framework\system\Common.php(1089): CodeIgniter\View\View->render()
#4 D:\kamandakabase\app\Controllers\Home.php(35): view()
#5 D:\kamandakabase\vendor\codeigniter4\framework\system\CodeIgniter.php(837): App\Controllers\Home->rental()
#6 D:\kamandakabase\vendor\codeigniter4\framework\system\CodeIgniter.php(424): CodeIgniter\CodeIgniter->runController()
#7 D:\kamandakabase\vendor\codeigniter4\framework\system\CodeIgniter.php(331): CodeIgniter\CodeIgniter->handleRequest()
#8 D:\kamandakabase\index.php(37): CodeIgniter\CodeIgniter->run()
#9 {main}
CRITICAL - 2022-08-13 02:38:40 --> Use of undefined constant rental - assumed 'rental' (this will throw an Error in a future version of PHP)
#0 D:\kamandakabase\app\Views\home\detail.php(51): CodeIgniter\Debug\Exceptions->errorHandler()
#1 D:\kamandakabase\vendor\codeigniter4\framework\system\View\View.php(210): include('D:\\kamandakabas...')
#2 D:\kamandakabase\vendor\codeigniter4\framework\system\View\View.php(213): CodeIgniter\View\View->CodeIgniter\View\{closure}()
#3 D:\kamandakabase\vendor\codeigniter4\framework\system\Common.php(1089): CodeIgniter\View\View->render()
#4 D:\kamandakabase\app\Controllers\Home.php(35): view()
#5 D:\kamandakabase\vendor\codeigniter4\framework\system\CodeIgniter.php(837): App\Controllers\Home->rental()
#6 D:\kamandakabase\vendor\codeigniter4\framework\system\CodeIgniter.php(424): CodeIgniter\CodeIgniter->runController()
#7 D:\kamandakabase\vendor\codeigniter4\framework\system\CodeIgniter.php(331): CodeIgniter\CodeIgniter->handleRequest()
#8 D:\kamandakabase\index.php(37): CodeIgniter\CodeIgniter->run()
#9 {main}
CRITICAL - 2022-08-13 02:51:37 --> syntax error, unexpected '<<' (T_SL)
#0 D:\kamandakabase\vendor\codeigniter4\framework\system\View\View.php(213): CodeIgniter\View\View->CodeIgniter\View\{closure}()
#1 D:\kamandakabase\vendor\codeigniter4\framework\system\Common.php(1089): CodeIgniter\View\View->render()
#2 D:\kamandakabase\app\Controllers\Home.php(35): view()
#3 D:\kamandakabase\vendor\codeigniter4\framework\system\CodeIgniter.php(837): App\Controllers\Home->rental()
#4 D:\kamandakabase\vendor\codeigniter4\framework\system\CodeIgniter.php(424): CodeIgniter\CodeIgniter->runController()
#5 D:\kamandakabase\vendor\codeigniter4\framework\system\CodeIgniter.php(331): CodeIgniter\CodeIgniter->handleRequest()
#6 D:\kamandakabase\index.php(37): CodeIgniter\CodeIgniter->run()
#7 {main}
ERROR - 2022-08-13 17:41:47 --> Error connecting to the database: Access denied for user '****'@'localhost' (using password: NO)
CRITICAL - 2022-08-13 17:41:47 --> Unable to connect to the database.
Main connection [MySQLi]: Access denied for user '****'@'localhost' (using password: NO)
#0 /home/kame1982/public_html/vendor/codeigniter4/framework/system/Database/BaseConnection.php(577): CodeIgniter\Database\BaseConnection->initialize()
#1 /home/kame1982/public_html/vendor/codeigniter4/framework/system/Database/BaseBuilder.php(1455): CodeIgniter\Database\BaseConnection->query('SELECT *\nFROM `...', Array, false)
#2 /home/kame1982/public_html/vendor/codeigniter4/framework/system/Model.php(183): CodeIgniter\Database\BaseBuilder->get()
#3 /home/kame1982/public_html/vendor/codeigniter4/framework/system/BaseModel.php(584): CodeIgniter\Model->doFindAll(0, 0)
#4 /home/kame1982/public_html/app/Controllers/Home.php(11): CodeIgniter\BaseModel->findAll()
#5 /home/kame1982/public_html/vendor/codeigniter4/framework/system/CodeIgniter.php(837): App\Controllers\Home->index()
#6 /home/kame1982/public_html/vendor/codeigniter4/framework/system/CodeIgniter.php(424): CodeIgniter\CodeIgniter->runController(Object(App\Controllers\Home))
#7 /home/kame1982/public_html/vendor/codeigniter4/framework/system/CodeIgniter.php(331): CodeIgniter\CodeIgniter->handleRequest(NULL, Object(Config\Cache), false)
#8 /home/kame1982/public_html/index.php(37): CodeIgniter\CodeIgniter->run()
#9 {main}
ERROR - 2022-08-13 17:42:37 --> Table 'kame1982_kamandaka.rental' doesn't exist
CRITICAL - 2022-08-13 17:42:37 --> Table 'kame1982_kamandaka.rental' doesn't exist
#0 /home/kame1982/public_html/vendor/codeigniter4/framework/system/Database/MySQLi/Connection.php(292): mysqli->query('SELECT *\nFROM `...', 0)
#1 /home/kame1982/public_html/vendor/codeigniter4/framework/system/Database/BaseConnection.php(670): CodeIgniter\Database\MySQLi\Connection->execute('SELECT *\nFROM `...')
#2 /home/kame1982/public_html/vendor/codeigniter4/framework/system/Database/BaseConnection.php(598): CodeIgniter\Database\BaseConnection->simpleQuery('SELECT *\nFROM `...')
#3 /home/kame1982/public_html/vendor/codeigniter4/framework/system/Database/BaseBuilder.php(1455): CodeIgniter\Database\BaseConnection->query('SELECT *\nFROM `...', Array, false)
#4 /home/kame1982/public_html/vendor/codeigniter4/framework/system/Model.php(183): CodeIgniter\Database\BaseBuilder->get()
#5 /home/kame1982/public_html/vendor/codeigniter4/framework/system/BaseModel.php(584): CodeIgniter\Model->doFindAll(0, 0)
#6 /home/kame1982/public_html/app/Controllers/Home.php(11): CodeIgniter\BaseModel->findAll()
#7 /home/kame1982/public_html/vendor/codeigniter4/framework/system/CodeIgniter.php(837): App\Controllers\Home->index()
#8 /home/kame1982/public_html/vendor/codeigniter4/framework/system/CodeIgniter.php(424): CodeIgniter\CodeIgniter->runController(Object(App\Controllers\Home))
#9 /home/kame1982/public_html/vendor/codeigniter4/framework/system/CodeIgniter.php(331): CodeIgniter\CodeIgniter->handleRequest(NULL, Object(Config\Cache), false)
#10 /home/kame1982/public_html/index.php(37): CodeIgniter\CodeIgniter->run()
#11 {main}
