CRITICAL - 2024-05-15 09:00:19 --> Call to undefined function form_open()
#0 C:\xampp\htdocs\skripsi-arya\vendor\codeigniter4\framework\system\View\View.php(210): include()
#1 C:\xampp\htdocs\skripsi-arya\vendor\codeigniter4\framework\system\View\View.php(213): CodeIgniter\View\View->CodeIgniter\View\{closure}()
#2 C:\xampp\htdocs\skripsi-arya\vendor\codeigniter4\framework\system\Common.php(1089): CodeIgniter\View\View->render('admin/login', Array, true)
#3 C:\xampp\htdocs\skripsi-arya\app\Controllers\LoginController.php(14): view('admin/login', Array)
#4 C:\xampp\htdocs\skripsi-arya\vendor\codeigniter4\framework\system\CodeIgniter.php(837): App\Controllers\LoginController->login()
#5 C:\xampp\htdocs\skripsi-arya\vendor\codeigniter4\framework\system\CodeIgniter.php(424): CodeIgniter\CodeIgniter->runController(Object(App\Controllers\LoginController))
#6 C:\xampp\htdocs\skripsi-arya\vendor\codeigniter4\framework\system\CodeIgniter.php(331): CodeIgniter\CodeIgniter->handleRequest(NULL, Object(Config\Cache), false)
#7 C:\xampp\htdocs\skripsi-arya\index.php(37): CodeIgniter\CodeIgniter->run()
#8 {main}
CRITICAL - 2024-05-15 09:00:52 --> Call to undefined function form_open()
#0 C:\xampp\htdocs\skripsi-arya\vendor\codeigniter4\framework\system\View\View.php(210): include()
#1 C:\xampp\htdocs\skripsi-arya\vendor\codeigniter4\framework\system\View\View.php(213): CodeIgniter\View\View->CodeIgniter\View\{closure}()
#2 C:\xampp\htdocs\skripsi-arya\vendor\codeigniter4\framework\system\Common.php(1089): CodeIgniter\View\View->render('admin/login', Array, true)
#3 C:\xampp\htdocs\skripsi-arya\app\Controllers\LoginController.php(9): view('admin/login')
#4 C:\xampp\htdocs\skripsi-arya\vendor\codeigniter4\framework\system\CodeIgniter.php(837): App\Controllers\LoginController->login()
#5 C:\xampp\htdocs\skripsi-arya\vendor\codeigniter4\framework\system\CodeIgniter.php(424): CodeIgniter\CodeIgniter->runController(Object(App\Controllers\LoginController))
#6 C:\xampp\htdocs\skripsi-arya\vendor\codeigniter4\framework\system\CodeIgniter.php(331): CodeIgniter\CodeIgniter->handleRequest(NULL, Object(Config\Cache), false)
#7 C:\xampp\htdocs\skripsi-arya\index.php(37): CodeIgniter\CodeIgniter->run()
#8 {main}
CRITICAL - 2024-05-15 09:00:53 --> Call to undefined function form_open()
#0 C:\xampp\htdocs\skripsi-arya\vendor\codeigniter4\framework\system\View\View.php(210): include()
#1 C:\xampp\htdocs\skripsi-arya\vendor\codeigniter4\framework\system\View\View.php(213): CodeIgniter\View\View->CodeIgniter\View\{closure}()
#2 C:\xampp\htdocs\skripsi-arya\vendor\codeigniter4\framework\system\Common.php(1089): CodeIgniter\View\View->render('admin/login', Array, true)
#3 C:\xampp\htdocs\skripsi-arya\app\Controllers\LoginController.php(9): view('admin/login')
#4 C:\xampp\htdocs\skripsi-arya\vendor\codeigniter4\framework\system\CodeIgniter.php(837): App\Controllers\LoginController->login()
#5 C:\xampp\htdocs\skripsi-arya\vendor\codeigniter4\framework\system\CodeIgniter.php(424): CodeIgniter\CodeIgniter->runController(Object(App\Controllers\LoginController))
#6 C:\xampp\htdocs\skripsi-arya\vendor\codeigniter4\framework\system\CodeIgniter.php(331): CodeIgniter\CodeIgniter->handleRequest(NULL, Object(Config\Cache), false)
#7 C:\xampp\htdocs\skripsi-arya\index.php(37): CodeIgniter\CodeIgniter->run()
#8 {main}
CRITICAL - 2024-05-15 09:00:54 --> Call to undefined function form_open()
#0 C:\xampp\htdocs\skripsi-arya\vendor\codeigniter4\framework\system\View\View.php(210): include()
#1 C:\xampp\htdocs\skripsi-arya\vendor\codeigniter4\framework\system\View\View.php(213): CodeIgniter\View\View->CodeIgniter\View\{closure}()
#2 C:\xampp\htdocs\skripsi-arya\vendor\codeigniter4\framework\system\Common.php(1089): CodeIgniter\View\View->render('admin/login', Array, true)
#3 C:\xampp\htdocs\skripsi-arya\app\Controllers\LoginController.php(9): view('admin/login')
#4 C:\xampp\htdocs\skripsi-arya\vendor\codeigniter4\framework\system\CodeIgniter.php(837): App\Controllers\LoginController->login()
#5 C:\xampp\htdocs\skripsi-arya\vendor\codeigniter4\framework\system\CodeIgniter.php(424): CodeIgniter\CodeIgniter->runController(Object(App\Controllers\LoginController))
#6 C:\xampp\htdocs\skripsi-arya\vendor\codeigniter4\framework\system\CodeIgniter.php(331): CodeIgniter\CodeIgniter->handleRequest(NULL, Object(Config\Cache), false)
#7 C:\xampp\htdocs\skripsi-arya\index.php(37): CodeIgniter\CodeIgniter->run()
#8 {main}
CRITICAL - 2024-05-15 09:00:54 --> Call to undefined function form_open()
#0 C:\xampp\htdocs\skripsi-arya\vendor\codeigniter4\framework\system\View\View.php(210): include()
#1 C:\xampp\htdocs\skripsi-arya\vendor\codeigniter4\framework\system\View\View.php(213): CodeIgniter\View\View->CodeIgniter\View\{closure}()
#2 C:\xampp\htdocs\skripsi-arya\vendor\codeigniter4\framework\system\Common.php(1089): CodeIgniter\View\View->render('admin/login', Array, true)
#3 C:\xampp\htdocs\skripsi-arya\app\Controllers\LoginController.php(9): view('admin/login')
#4 C:\xampp\htdocs\skripsi-arya\vendor\codeigniter4\framework\system\CodeIgniter.php(837): App\Controllers\LoginController->login()
#5 C:\xampp\htdocs\skripsi-arya\vendor\codeigniter4\framework\system\CodeIgniter.php(424): CodeIgniter\CodeIgniter->runController(Object(App\Controllers\LoginController))
#6 C:\xampp\htdocs\skripsi-arya\vendor\codeigniter4\framework\system\CodeIgniter.php(331): CodeIgniter\CodeIgniter->handleRequest(NULL, Object(Config\Cache), false)
#7 C:\xampp\htdocs\skripsi-arya\index.php(37): CodeIgniter\CodeIgniter->run()
#8 {main}
CRITICAL - 2024-05-15 09:00:55 --> Call to undefined function form_open()
#0 C:\xampp\htdocs\skripsi-arya\vendor\codeigniter4\framework\system\View\View.php(210): include()
#1 C:\xampp\htdocs\skripsi-arya\vendor\codeigniter4\framework\system\View\View.php(213): CodeIgniter\View\View->CodeIgniter\View\{closure}()
#2 C:\xampp\htdocs\skripsi-arya\vendor\codeigniter4\framework\system\Common.php(1089): CodeIgniter\View\View->render('admin/login', Array, true)
#3 C:\xampp\htdocs\skripsi-arya\app\Controllers\LoginController.php(9): view('admin/login')
#4 C:\xampp\htdocs\skripsi-arya\vendor\codeigniter4\framework\system\CodeIgniter.php(837): App\Controllers\LoginController->login()
#5 C:\xampp\htdocs\skripsi-arya\vendor\codeigniter4\framework\system\CodeIgniter.php(424): CodeIgniter\CodeIgniter->runController(Object(App\Controllers\LoginController))
#6 C:\xampp\htdocs\skripsi-arya\vendor\codeigniter4\framework\system\CodeIgniter.php(331): CodeIgniter\CodeIgniter->handleRequest(NULL, Object(Config\Cache), false)
#7 C:\xampp\htdocs\skripsi-arya\index.php(37): CodeIgniter\CodeIgniter->run()
#8 {main}
CRITICAL - 2024-05-15 09:01:45 --> Call to undefined function form_open()
#0 C:\xampp\htdocs\skripsi-arya\vendor\codeigniter4\framework\system\View\View.php(210): include()
#1 C:\xampp\htdocs\skripsi-arya\vendor\codeigniter4\framework\system\View\View.php(213): CodeIgniter\View\View->CodeIgniter\View\{closure}()
#2 C:\xampp\htdocs\skripsi-arya\vendor\codeigniter4\framework\system\Common.php(1089): CodeIgniter\View\View->render('admin/login', Array, true)
#3 C:\xampp\htdocs\skripsi-arya\app\Controllers\LoginController.php(9): view('admin/login')
#4 C:\xampp\htdocs\skripsi-arya\vendor\codeigniter4\framework\system\CodeIgniter.php(837): App\Controllers\LoginController->login()
#5 C:\xampp\htdocs\skripsi-arya\vendor\codeigniter4\framework\system\CodeIgniter.php(424): CodeIgniter\CodeIgniter->runController(Object(App\Controllers\LoginController))
#6 C:\xampp\htdocs\skripsi-arya\vendor\codeigniter4\framework\system\CodeIgniter.php(331): CodeIgniter\CodeIgniter->handleRequest(NULL, Object(Config\Cache), false)
#7 C:\xampp\htdocs\skripsi-arya\index.php(37): CodeIgniter\CodeIgniter->run()
#8 {main}
CRITICAL - 2024-05-15 09:01:46 --> Call to undefined function form_open()
#0 C:\xampp\htdocs\skripsi-arya\vendor\codeigniter4\framework\system\View\View.php(210): include()
#1 C:\xampp\htdocs\skripsi-arya\vendor\codeigniter4\framework\system\View\View.php(213): CodeIgniter\View\View->CodeIgniter\View\{closure}()
#2 C:\xampp\htdocs\skripsi-arya\vendor\codeigniter4\framework\system\Common.php(1089): CodeIgniter\View\View->render('admin/login', Array, true)
#3 C:\xampp\htdocs\skripsi-arya\app\Controllers\LoginController.php(9): view('admin/login')
#4 C:\xampp\htdocs\skripsi-arya\vendor\codeigniter4\framework\system\CodeIgniter.php(837): App\Controllers\LoginController->login()
#5 C:\xampp\htdocs\skripsi-arya\vendor\codeigniter4\framework\system\CodeIgniter.php(424): CodeIgniter\CodeIgniter->runController(Object(App\Controllers\LoginController))
#6 C:\xampp\htdocs\skripsi-arya\vendor\codeigniter4\framework\system\CodeIgniter.php(331): CodeIgniter\CodeIgniter->handleRequest(NULL, Object(Config\Cache), false)
#7 C:\xampp\htdocs\skripsi-arya\index.php(37): CodeIgniter\CodeIgniter->run()
#8 {main}
CRITICAL - 2024-05-15 09:01:47 --> Call to undefined function form_open()
#0 C:\xampp\htdocs\skripsi-arya\vendor\codeigniter4\framework\system\View\View.php(210): include()
#1 C:\xampp\htdocs\skripsi-arya\vendor\codeigniter4\framework\system\View\View.php(213): CodeIgniter\View\View->CodeIgniter\View\{closure}()
#2 C:\xampp\htdocs\skripsi-arya\vendor\codeigniter4\framework\system\Common.php(1089): CodeIgniter\View\View->render('admin/login', Array, true)
#3 C:\xampp\htdocs\skripsi-arya\app\Controllers\LoginController.php(9): view('admin/login')
#4 C:\xampp\htdocs\skripsi-arya\vendor\codeigniter4\framework\system\CodeIgniter.php(837): App\Controllers\LoginController->login()
#5 C:\xampp\htdocs\skripsi-arya\vendor\codeigniter4\framework\system\CodeIgniter.php(424): CodeIgniter\CodeIgniter->runController(Object(App\Controllers\LoginController))
#6 C:\xampp\htdocs\skripsi-arya\vendor\codeigniter4\framework\system\CodeIgniter.php(331): CodeIgniter\CodeIgniter->handleRequest(NULL, Object(Config\Cache), false)
#7 C:\xampp\htdocs\skripsi-arya\index.php(37): CodeIgniter\CodeIgniter->run()
#8 {main}
CRITICAL - 2024-05-15 09:01:48 --> Call to undefined function form_open()
#0 C:\xampp\htdocs\skripsi-arya\vendor\codeigniter4\framework\system\View\View.php(210): include()
#1 C:\xampp\htdocs\skripsi-arya\vendor\codeigniter4\framework\system\View\View.php(213): CodeIgniter\View\View->CodeIgniter\View\{closure}()
#2 C:\xampp\htdocs\skripsi-arya\vendor\codeigniter4\framework\system\Common.php(1089): CodeIgniter\View\View->render('admin/login', Array, true)
#3 C:\xampp\htdocs\skripsi-arya\app\Controllers\LoginController.php(9): view('admin/login')
#4 C:\xampp\htdocs\skripsi-arya\vendor\codeigniter4\framework\system\CodeIgniter.php(837): App\Controllers\LoginController->login()
#5 C:\xampp\htdocs\skripsi-arya\vendor\codeigniter4\framework\system\CodeIgniter.php(424): CodeIgniter\CodeIgniter->runController(Object(App\Controllers\LoginController))
#6 C:\xampp\htdocs\skripsi-arya\vendor\codeigniter4\framework\system\CodeIgniter.php(331): CodeIgniter\CodeIgniter->handleRequest(NULL, Object(Config\Cache), false)
#7 C:\xampp\htdocs\skripsi-arya\index.php(37): CodeIgniter\CodeIgniter->run()
#8 {main}
CRITICAL - 2024-05-15 09:01:49 --> Call to undefined function form_open()
#0 C:\xampp\htdocs\skripsi-arya\vendor\codeigniter4\framework\system\View\View.php(210): include()
#1 C:\xampp\htdocs\skripsi-arya\vendor\codeigniter4\framework\system\View\View.php(213): CodeIgniter\View\View->CodeIgniter\View\{closure}()
#2 C:\xampp\htdocs\skripsi-arya\vendor\codeigniter4\framework\system\Common.php(1089): CodeIgniter\View\View->render('admin/login', Array, true)
#3 C:\xampp\htdocs\skripsi-arya\app\Controllers\LoginController.php(9): view('admin/login')
#4 C:\xampp\htdocs\skripsi-arya\vendor\codeigniter4\framework\system\CodeIgniter.php(837): App\Controllers\LoginController->login()
#5 C:\xampp\htdocs\skripsi-arya\vendor\codeigniter4\framework\system\CodeIgniter.php(424): CodeIgniter\CodeIgniter->runController(Object(App\Controllers\LoginController))
#6 C:\xampp\htdocs\skripsi-arya\vendor\codeigniter4\framework\system\CodeIgniter.php(331): CodeIgniter\CodeIgniter->handleRequest(NULL, Object(Config\Cache), false)
#7 C:\xampp\htdocs\skripsi-arya\index.php(37): CodeIgniter\CodeIgniter->run()
#8 {main}
CRITICAL - 2024-05-15 09:02:45 --> Call to undefined function form_open()
#0 C:\xampp\htdocs\skripsi-arya\vendor\codeigniter4\framework\system\View\View.php(210): include()
#1 C:\xampp\htdocs\skripsi-arya\vendor\codeigniter4\framework\system\View\View.php(213): CodeIgniter\View\View->CodeIgniter\View\{closure}()
#2 C:\xampp\htdocs\skripsi-arya\vendor\codeigniter4\framework\system\Common.php(1089): CodeIgniter\View\View->render('admin/login', Array, true)
#3 C:\xampp\htdocs\skripsi-arya\app\Controllers\LoginController.php(9): view('admin/login')
#4 C:\xampp\htdocs\skripsi-arya\vendor\codeigniter4\framework\system\CodeIgniter.php(837): App\Controllers\LoginController->login()
#5 C:\xampp\htdocs\skripsi-arya\vendor\codeigniter4\framework\system\CodeIgniter.php(424): CodeIgniter\CodeIgniter->runController(Object(App\Controllers\LoginController))
#6 C:\xampp\htdocs\skripsi-arya\vendor\codeigniter4\framework\system\CodeIgniter.php(331): CodeIgniter\CodeIgniter->handleRequest(NULL, Object(Config\Cache), false)
#7 C:\xampp\htdocs\skripsi-arya\index.php(37): CodeIgniter\CodeIgniter->run()
#8 {main}
CRITICAL - 2024-05-15 09:14:11 --> Call to undefined function form_open()
#0 C:\xampp\htdocs\skripsi-arya\vendor\codeigniter4\framework\system\View\View.php(210): include()
#1 C:\xampp\htdocs\skripsi-arya\vendor\codeigniter4\framework\system\View\View.php(213): CodeIgniter\View\View->CodeIgniter\View\{closure}()
#2 C:\xampp\htdocs\skripsi-arya\vendor\codeigniter4\framework\system\Common.php(1089): CodeIgniter\View\View->render('admin/login', Array, true)
#3 C:\xampp\htdocs\skripsi-arya\app\Controllers\LoginController.php(9): view('admin/login')
#4 C:\xampp\htdocs\skripsi-arya\vendor\codeigniter4\framework\system\CodeIgniter.php(837): App\Controllers\LoginController->login()
#5 C:\xampp\htdocs\skripsi-arya\vendor\codeigniter4\framework\system\CodeIgniter.php(424): CodeIgniter\CodeIgniter->runController(Object(App\Controllers\LoginController))
#6 C:\xampp\htdocs\skripsi-arya\vendor\codeigniter4\framework\system\CodeIgniter.php(331): CodeIgniter\CodeIgniter->handleRequest(NULL, Object(Config\Cache), false)
#7 C:\xampp\htdocs\skripsi-arya\index.php(37): CodeIgniter\CodeIgniter->run()
#8 {main}
CRITICAL - 2024-05-15 09:19:29 --> Call to undefined function form_open()
#0 C:\xampp\htdocs\skripsi-arya\vendor\codeigniter4\framework\system\View\View.php(210): include()
#1 C:\xampp\htdocs\skripsi-arya\vendor\codeigniter4\framework\system\View\View.php(213): CodeIgniter\View\View->CodeIgniter\View\{closure}()
#2 C:\xampp\htdocs\skripsi-arya\vendor\codeigniter4\framework\system\Common.php(1089): CodeIgniter\View\View->render('admin/login', Array, true)
#3 C:\xampp\htdocs\skripsi-arya\app\Controllers\LoginController.php(9): view('admin/login')
#4 C:\xampp\htdocs\skripsi-arya\vendor\codeigniter4\framework\system\CodeIgniter.php(837): App\Controllers\LoginController->login()
#5 C:\xampp\htdocs\skripsi-arya\vendor\codeigniter4\framework\system\CodeIgniter.php(424): CodeIgniter\CodeIgniter->runController(Object(App\Controllers\LoginController))
#6 C:\xampp\htdocs\skripsi-arya\vendor\codeigniter4\framework\system\CodeIgniter.php(331): CodeIgniter\CodeIgniter->handleRequest(NULL, Object(Config\Cache), false)
#7 C:\xampp\htdocs\skripsi-arya\index.php(37): CodeIgniter\CodeIgniter->run()
#8 {main}
CRITICAL - 2024-05-15 09:19:30 --> Call to undefined function form_open()
#0 C:\xampp\htdocs\skripsi-arya\vendor\codeigniter4\framework\system\View\View.php(210): include()
#1 C:\xampp\htdocs\skripsi-arya\vendor\codeigniter4\framework\system\View\View.php(213): CodeIgniter\View\View->CodeIgniter\View\{closure}()
#2 C:\xampp\htdocs\skripsi-arya\vendor\codeigniter4\framework\system\Common.php(1089): CodeIgniter\View\View->render('admin/login', Array, true)
#3 C:\xampp\htdocs\skripsi-arya\app\Controllers\LoginController.php(9): view('admin/login')
#4 C:\xampp\htdocs\skripsi-arya\vendor\codeigniter4\framework\system\CodeIgniter.php(837): App\Controllers\LoginController->login()
#5 C:\xampp\htdocs\skripsi-arya\vendor\codeigniter4\framework\system\CodeIgniter.php(424): CodeIgniter\CodeIgniter->runController(Object(App\Controllers\LoginController))
#6 C:\xampp\htdocs\skripsi-arya\vendor\codeigniter4\framework\system\CodeIgniter.php(331): CodeIgniter\CodeIgniter->handleRequest(NULL, Object(Config\Cache), false)
#7 C:\xampp\htdocs\skripsi-arya\index.php(37): CodeIgniter\CodeIgniter->run()
#8 {main}
CRITICAL - 2024-05-15 09:20:48 --> Call to undefined function form_open()
#0 C:\xampp\htdocs\skripsi-arya\vendor\codeigniter4\framework\system\View\View.php(210): include()
#1 C:\xampp\htdocs\skripsi-arya\vendor\codeigniter4\framework\system\View\View.php(213): CodeIgniter\View\View->CodeIgniter\View\{closure}()
#2 C:\xampp\htdocs\skripsi-arya\vendor\codeigniter4\framework\system\Common.php(1089): CodeIgniter\View\View->render('admin/login', Array, true)
#3 C:\xampp\htdocs\skripsi-arya\app\Controllers\LoginController.php(9): view('admin/login')
#4 C:\xampp\htdocs\skripsi-arya\vendor\codeigniter4\framework\system\CodeIgniter.php(837): App\Controllers\LoginController->index()
#5 C:\xampp\htdocs\skripsi-arya\vendor\codeigniter4\framework\system\CodeIgniter.php(424): CodeIgniter\CodeIgniter->runController(Object(App\Controllers\LoginController))
#6 C:\xampp\htdocs\skripsi-arya\vendor\codeigniter4\framework\system\CodeIgniter.php(331): CodeIgniter\CodeIgniter->handleRequest(NULL, Object(Config\Cache), false)
#7 C:\xampp\htdocs\skripsi-arya\index.php(37): CodeIgniter\CodeIgniter->run()
#8 {main}
CRITICAL - 2024-05-15 09:20:49 --> Call to undefined function form_open()
#0 C:\xampp\htdocs\skripsi-arya\vendor\codeigniter4\framework\system\View\View.php(210): include()
#1 C:\xampp\htdocs\skripsi-arya\vendor\codeigniter4\framework\system\View\View.php(213): CodeIgniter\View\View->CodeIgniter\View\{closure}()
#2 C:\xampp\htdocs\skripsi-arya\vendor\codeigniter4\framework\system\Common.php(1089): CodeIgniter\View\View->render('admin/login', Array, true)
#3 C:\xampp\htdocs\skripsi-arya\app\Controllers\LoginController.php(9): view('admin/login')
#4 C:\xampp\htdocs\skripsi-arya\vendor\codeigniter4\framework\system\CodeIgniter.php(837): App\Controllers\LoginController->index()
#5 C:\xampp\htdocs\skripsi-arya\vendor\codeigniter4\framework\system\CodeIgniter.php(424): CodeIgniter\CodeIgniter->runController(Object(App\Controllers\LoginController))
#6 C:\xampp\htdocs\skripsi-arya\vendor\codeigniter4\framework\system\CodeIgniter.php(331): CodeIgniter\CodeIgniter->handleRequest(NULL, Object(Config\Cache), false)
#7 C:\xampp\htdocs\skripsi-arya\index.php(37): CodeIgniter\CodeIgniter->run()
#8 {main}
CRITICAL - 2024-05-15 09:21:58 --> Call to undefined function form_open()
#0 C:\xampp\htdocs\skripsi-arya\vendor\codeigniter4\framework\system\View\View.php(210): include()
#1 C:\xampp\htdocs\skripsi-arya\vendor\codeigniter4\framework\system\View\View.php(213): CodeIgniter\View\View->CodeIgniter\View\{closure}()
#2 C:\xampp\htdocs\skripsi-arya\vendor\codeigniter4\framework\system\Common.php(1089): CodeIgniter\View\View->render('admin/login', Array, true)
#3 C:\xampp\htdocs\skripsi-arya\app\Controllers\LoginController.php(9): view('admin/login')
#4 C:\xampp\htdocs\skripsi-arya\vendor\codeigniter4\framework\system\CodeIgniter.php(837): App\Controllers\LoginController->index()
#5 C:\xampp\htdocs\skripsi-arya\vendor\codeigniter4\framework\system\CodeIgniter.php(424): CodeIgniter\CodeIgniter->runController(Object(App\Controllers\LoginController))
#6 C:\xampp\htdocs\skripsi-arya\vendor\codeigniter4\framework\system\CodeIgniter.php(331): CodeIgniter\CodeIgniter->handleRequest(NULL, Object(Config\Cache), false)
#7 C:\xampp\htdocs\skripsi-arya\index.php(37): CodeIgniter\CodeIgniter->run()
#8 {main}
CRITICAL - 2024-05-15 09:21:59 --> Call to undefined function form_open()
#0 C:\xampp\htdocs\skripsi-arya\vendor\codeigniter4\framework\system\View\View.php(210): include()
#1 C:\xampp\htdocs\skripsi-arya\vendor\codeigniter4\framework\system\View\View.php(213): CodeIgniter\View\View->CodeIgniter\View\{closure}()
#2 C:\xampp\htdocs\skripsi-arya\vendor\codeigniter4\framework\system\Common.php(1089): CodeIgniter\View\View->render('admin/login', Array, true)
#3 C:\xampp\htdocs\skripsi-arya\app\Controllers\LoginController.php(9): view('admin/login')
#4 C:\xampp\htdocs\skripsi-arya\vendor\codeigniter4\framework\system\CodeIgniter.php(837): App\Controllers\LoginController->index()
#5 C:\xampp\htdocs\skripsi-arya\vendor\codeigniter4\framework\system\CodeIgniter.php(424): CodeIgniter\CodeIgniter->runController(Object(App\Controllers\LoginController))
#6 C:\xampp\htdocs\skripsi-arya\vendor\codeigniter4\framework\system\CodeIgniter.php(331): CodeIgniter\CodeIgniter->handleRequest(NULL, Object(Config\Cache), false)
#7 C:\xampp\htdocs\skripsi-arya\index.php(37): CodeIgniter\CodeIgniter->run()
#8 {main}
CRITICAL - 2024-05-15 09:22:22 --> Call to undefined function form_open()
#0 C:\xampp\htdocs\skripsi-arya\vendor\codeigniter4\framework\system\View\View.php(210): include()
#1 C:\xampp\htdocs\skripsi-arya\vendor\codeigniter4\framework\system\View\View.php(213): CodeIgniter\View\View->CodeIgniter\View\{closure}()
#2 C:\xampp\htdocs\skripsi-arya\vendor\codeigniter4\framework\system\Common.php(1089): CodeIgniter\View\View->render('admin/login', Array, true)
#3 C:\xampp\htdocs\skripsi-arya\app\Controllers\LoginController.php(9): view('admin/login')
#4 C:\xampp\htdocs\skripsi-arya\vendor\codeigniter4\framework\system\CodeIgniter.php(837): App\Controllers\LoginController->index()
#5 C:\xampp\htdocs\skripsi-arya\vendor\codeigniter4\framework\system\CodeIgniter.php(424): CodeIgniter\CodeIgniter->runController(Object(App\Controllers\LoginController))
#6 C:\xampp\htdocs\skripsi-arya\vendor\codeigniter4\framework\system\CodeIgniter.php(331): CodeIgniter\CodeIgniter->handleRequest(NULL, Object(Config\Cache), false)
#7 C:\xampp\htdocs\skripsi-arya\index.php(37): CodeIgniter\CodeIgniter->run()
#8 {main}
CRITICAL - 2024-05-15 09:22:22 --> Call to undefined function form_open()
#0 C:\xampp\htdocs\skripsi-arya\vendor\codeigniter4\framework\system\View\View.php(210): include()
#1 C:\xampp\htdocs\skripsi-arya\vendor\codeigniter4\framework\system\View\View.php(213): CodeIgniter\View\View->CodeIgniter\View\{closure}()
#2 C:\xampp\htdocs\skripsi-arya\vendor\codeigniter4\framework\system\Common.php(1089): CodeIgniter\View\View->render('admin/login', Array, true)
#3 C:\xampp\htdocs\skripsi-arya\app\Controllers\LoginController.php(9): view('admin/login')
#4 C:\xampp\htdocs\skripsi-arya\vendor\codeigniter4\framework\system\CodeIgniter.php(837): App\Controllers\LoginController->index()
#5 C:\xampp\htdocs\skripsi-arya\vendor\codeigniter4\framework\system\CodeIgniter.php(424): CodeIgniter\CodeIgniter->runController(Object(App\Controllers\LoginController))
#6 C:\xampp\htdocs\skripsi-arya\vendor\codeigniter4\framework\system\CodeIgniter.php(331): CodeIgniter\CodeIgniter->handleRequest(NULL, Object(Config\Cache), false)
#7 C:\xampp\htdocs\skripsi-arya\index.php(37): CodeIgniter\CodeIgniter->run()
#8 {main}
CRITICAL - 2024-05-15 09:22:44 --> Call to undefined function form_open()
#0 C:\xampp\htdocs\skripsi-arya\vendor\codeigniter4\framework\system\View\View.php(210): include()
#1 C:\xampp\htdocs\skripsi-arya\vendor\codeigniter4\framework\system\View\View.php(213): CodeIgniter\View\View->CodeIgniter\View\{closure}()
#2 C:\xampp\htdocs\skripsi-arya\vendor\codeigniter4\framework\system\Common.php(1089): CodeIgniter\View\View->render('admin/login', Array, true)
#3 C:\xampp\htdocs\skripsi-arya\app\Controllers\LoginController.php(9): view('admin/login')
#4 C:\xampp\htdocs\skripsi-arya\vendor\codeigniter4\framework\system\CodeIgniter.php(837): App\Controllers\LoginController->index()
#5 C:\xampp\htdocs\skripsi-arya\vendor\codeigniter4\framework\system\CodeIgniter.php(424): CodeIgniter\CodeIgniter->runController(Object(App\Controllers\LoginController))
#6 C:\xampp\htdocs\skripsi-arya\vendor\codeigniter4\framework\system\CodeIgniter.php(331): CodeIgniter\CodeIgniter->handleRequest(NULL, Object(Config\Cache), false)
#7 C:\xampp\htdocs\skripsi-arya\index.php(37): CodeIgniter\CodeIgniter->run()
#8 {main}
CRITICAL - 2024-05-15 09:22:45 --> Call to undefined function form_open()
#0 C:\xampp\htdocs\skripsi-arya\vendor\codeigniter4\framework\system\View\View.php(210): include()
#1 C:\xampp\htdocs\skripsi-arya\vendor\codeigniter4\framework\system\View\View.php(213): CodeIgniter\View\View->CodeIgniter\View\{closure}()
#2 C:\xampp\htdocs\skripsi-arya\vendor\codeigniter4\framework\system\Common.php(1089): CodeIgniter\View\View->render('admin/login', Array, true)
#3 C:\xampp\htdocs\skripsi-arya\app\Controllers\LoginController.php(9): view('admin/login')
#4 C:\xampp\htdocs\skripsi-arya\vendor\codeigniter4\framework\system\CodeIgniter.php(837): App\Controllers\LoginController->index()
#5 C:\xampp\htdocs\skripsi-arya\vendor\codeigniter4\framework\system\CodeIgniter.php(424): CodeIgniter\CodeIgniter->runController(Object(App\Controllers\LoginController))
#6 C:\xampp\htdocs\skripsi-arya\vendor\codeigniter4\framework\system\CodeIgniter.php(331): CodeIgniter\CodeIgniter->handleRequest(NULL, Object(Config\Cache), false)
#7 C:\xampp\htdocs\skripsi-arya\index.php(37): CodeIgniter\CodeIgniter->run()
#8 {main}
CRITICAL - 2024-05-15 09:46:51 --> Call to undefined function form_open()
#0 C:\xampp\htdocs\skripsi-arya\vendor\codeigniter4\framework\system\View\View.php(210): include()
#1 C:\xampp\htdocs\skripsi-arya\vendor\codeigniter4\framework\system\View\View.php(213): CodeIgniter\View\View->CodeIgniter\View\{closure}()
#2 C:\xampp\htdocs\skripsi-arya\vendor\codeigniter4\framework\system\Common.php(1089): CodeIgniter\View\View->render('admin/login', Array, true)
#3 C:\xampp\htdocs\skripsi-arya\app\Controllers\LoginController.php(10): view('admin/login')
#4 C:\xampp\htdocs\skripsi-arya\vendor\codeigniter4\framework\system\CodeIgniter.php(837): App\Controllers\LoginController->index()
#5 C:\xampp\htdocs\skripsi-arya\vendor\codeigniter4\framework\system\CodeIgniter.php(424): CodeIgniter\CodeIgniter->runController(Object(App\Controllers\LoginController))
#6 C:\xampp\htdocs\skripsi-arya\vendor\codeigniter4\framework\system\CodeIgniter.php(331): CodeIgniter\CodeIgniter->handleRequest(NULL, Object(Config\Cache), false)
#7 C:\xampp\htdocs\skripsi-arya\index.php(37): CodeIgniter\CodeIgniter->run()
#8 {main}
CRITICAL - 2024-05-15 09:46:53 --> Call to undefined function form_open()
#0 C:\xampp\htdocs\skripsi-arya\vendor\codeigniter4\framework\system\View\View.php(210): include()
#1 C:\xampp\htdocs\skripsi-arya\vendor\codeigniter4\framework\system\View\View.php(213): CodeIgniter\View\View->CodeIgniter\View\{closure}()
#2 C:\xampp\htdocs\skripsi-arya\vendor\codeigniter4\framework\system\Common.php(1089): CodeIgniter\View\View->render('admin/login', Array, true)
#3 C:\xampp\htdocs\skripsi-arya\app\Controllers\LoginController.php(10): view('admin/login')
#4 C:\xampp\htdocs\skripsi-arya\vendor\codeigniter4\framework\system\CodeIgniter.php(837): App\Controllers\LoginController->index()
#5 C:\xampp\htdocs\skripsi-arya\vendor\codeigniter4\framework\system\CodeIgniter.php(424): CodeIgniter\CodeIgniter->runController(Object(App\Controllers\LoginController))
#6 C:\xampp\htdocs\skripsi-arya\vendor\codeigniter4\framework\system\CodeIgniter.php(331): CodeIgniter\CodeIgniter->handleRequest(NULL, Object(Config\Cache), false)
#7 C:\xampp\htdocs\skripsi-arya\index.php(37): CodeIgniter\CodeIgniter->run()
#8 {main}
CRITICAL - 2024-05-15 09:46:54 --> Call to undefined function form_open()
#0 C:\xampp\htdocs\skripsi-arya\vendor\codeigniter4\framework\system\View\View.php(210): include()
#1 C:\xampp\htdocs\skripsi-arya\vendor\codeigniter4\framework\system\View\View.php(213): CodeIgniter\View\View->CodeIgniter\View\{closure}()
#2 C:\xampp\htdocs\skripsi-arya\vendor\codeigniter4\framework\system\Common.php(1089): CodeIgniter\View\View->render('admin/login', Array, true)
#3 C:\xampp\htdocs\skripsi-arya\app\Controllers\LoginController.php(10): view('admin/login')
#4 C:\xampp\htdocs\skripsi-arya\vendor\codeigniter4\framework\system\CodeIgniter.php(837): App\Controllers\LoginController->index()
#5 C:\xampp\htdocs\skripsi-arya\vendor\codeigniter4\framework\system\CodeIgniter.php(424): CodeIgniter\CodeIgniter->runController(Object(App\Controllers\LoginController))
#6 C:\xampp\htdocs\skripsi-arya\vendor\codeigniter4\framework\system\CodeIgniter.php(331): CodeIgniter\CodeIgniter->handleRequest(NULL, Object(Config\Cache), false)
#7 C:\xampp\htdocs\skripsi-arya\index.php(37): CodeIgniter\CodeIgniter->run()
#8 {main}
CRITICAL - 2024-05-15 09:46:55 --> Call to undefined function form_open()
#0 C:\xampp\htdocs\skripsi-arya\vendor\codeigniter4\framework\system\View\View.php(210): include()
#1 C:\xampp\htdocs\skripsi-arya\vendor\codeigniter4\framework\system\View\View.php(213): CodeIgniter\View\View->CodeIgniter\View\{closure}()
#2 C:\xampp\htdocs\skripsi-arya\vendor\codeigniter4\framework\system\Common.php(1089): CodeIgniter\View\View->render('admin/login', Array, true)
#3 C:\xampp\htdocs\skripsi-arya\app\Controllers\LoginController.php(10): view('admin/login')
#4 C:\xampp\htdocs\skripsi-arya\vendor\codeigniter4\framework\system\CodeIgniter.php(837): App\Controllers\LoginController->index()
#5 C:\xampp\htdocs\skripsi-arya\vendor\codeigniter4\framework\system\CodeIgniter.php(424): CodeIgniter\CodeIgniter->runController(Object(App\Controllers\LoginController))
#6 C:\xampp\htdocs\skripsi-arya\vendor\codeigniter4\framework\system\CodeIgniter.php(331): CodeIgniter\CodeIgniter->handleRequest(NULL, Object(Config\Cache), false)
#7 C:\xampp\htdocs\skripsi-arya\index.php(37): CodeIgniter\CodeIgniter->run()
#8 {main}
CRITICAL - 2024-05-15 09:48:13 --> Call to undefined function form_open()
#0 C:\xampp\htdocs\skripsi-arya\vendor\codeigniter4\framework\system\View\View.php(210): include()
#1 C:\xampp\htdocs\skripsi-arya\vendor\codeigniter4\framework\system\View\View.php(213): CodeIgniter\View\View->CodeIgniter\View\{closure}()
#2 C:\xampp\htdocs\skripsi-arya\vendor\codeigniter4\framework\system\Common.php(1089): CodeIgniter\View\View->render('admin/login', Array, true)
#3 C:\xampp\htdocs\skripsi-arya\app\Controllers\Login.php(10): view('admin/login')
#4 C:\xampp\htdocs\skripsi-arya\vendor\codeigniter4\framework\system\CodeIgniter.php(837): App\Controllers\Login->index()
#5 C:\xampp\htdocs\skripsi-arya\vendor\codeigniter4\framework\system\CodeIgniter.php(424): CodeIgniter\CodeIgniter->runController(Object(App\Controllers\Login))
#6 C:\xampp\htdocs\skripsi-arya\vendor\codeigniter4\framework\system\CodeIgniter.php(331): CodeIgniter\CodeIgniter->handleRequest(NULL, Object(Config\Cache), false)
#7 C:\xampp\htdocs\skripsi-arya\index.php(37): CodeIgniter\CodeIgniter->run()
#8 {main}
CRITICAL - 2024-05-15 09:48:38 --> Call to undefined function form_open()
#0 C:\xampp\htdocs\skripsi-arya\vendor\codeigniter4\framework\system\View\View.php(210): include()
#1 C:\xampp\htdocs\skripsi-arya\vendor\codeigniter4\framework\system\View\View.php(213): CodeIgniter\View\View->CodeIgniter\View\{closure}()
#2 C:\xampp\htdocs\skripsi-arya\vendor\codeigniter4\framework\system\Common.php(1089): CodeIgniter\View\View->render('admin/login', Array, true)
#3 C:\xampp\htdocs\skripsi-arya\app\Controllers\Login.php(10): view('admin/login')
#4 C:\xampp\htdocs\skripsi-arya\vendor\codeigniter4\framework\system\CodeIgniter.php(837): App\Controllers\Login->index()
#5 C:\xampp\htdocs\skripsi-arya\vendor\codeigniter4\framework\system\CodeIgniter.php(424): CodeIgniter\CodeIgniter->runController(Object(App\Controllers\Login))
#6 C:\xampp\htdocs\skripsi-arya\vendor\codeigniter4\framework\system\CodeIgniter.php(331): CodeIgniter\CodeIgniter->handleRequest(NULL, Object(Config\Cache), false)
#7 C:\xampp\htdocs\skripsi-arya\index.php(37): CodeIgniter\CodeIgniter->run()
#8 {main}
CRITICAL - 2024-05-15 09:48:58 --> Call to undefined function form_close()
#0 C:\xampp\htdocs\skripsi-arya\vendor\codeigniter4\framework\system\View\View.php(210): include()
#1 C:\xampp\htdocs\skripsi-arya\vendor\codeigniter4\framework\system\View\View.php(213): CodeIgniter\View\View->CodeIgniter\View\{closure}()
#2 C:\xampp\htdocs\skripsi-arya\vendor\codeigniter4\framework\system\Common.php(1089): CodeIgniter\View\View->render('admin/login', Array, true)
#3 C:\xampp\htdocs\skripsi-arya\app\Controllers\Login.php(10): view('admin/login')
#4 C:\xampp\htdocs\skripsi-arya\vendor\codeigniter4\framework\system\CodeIgniter.php(837): App\Controllers\Login->index()
#5 C:\xampp\htdocs\skripsi-arya\vendor\codeigniter4\framework\system\CodeIgniter.php(424): CodeIgniter\CodeIgniter->runController(Object(App\Controllers\Login))
#6 C:\xampp\htdocs\skripsi-arya\vendor\codeigniter4\framework\system\CodeIgniter.php(331): CodeIgniter\CodeIgniter->handleRequest(NULL, Object(Config\Cache), false)
#7 C:\xampp\htdocs\skripsi-arya\index.php(37): CodeIgniter\CodeIgniter->run()
#8 {main}
CRITICAL - 2024-05-15 09:49:17 --> Invalid file: layouts/main.php
#0 C:\xampp\htdocs\skripsi-arya\vendor\codeigniter4\framework\system\View\View.php(198): CodeIgniter\Exceptions\FrameworkException::forInvalidFile('layouts/main.ph...')
#1 C:\xampp\htdocs\skripsi-arya\vendor\codeigniter4\framework\system\View\View.php(226): CodeIgniter\View\View->render('layouts/main', Array, true)
#2 C:\xampp\htdocs\skripsi-arya\vendor\codeigniter4\framework\system\Common.php(1089): CodeIgniter\View\View->render('admin/login', Array, true)
#3 C:\xampp\htdocs\skripsi-arya\app\Controllers\Login.php(10): view('admin/login')
#4 C:\xampp\htdocs\skripsi-arya\vendor\codeigniter4\framework\system\CodeIgniter.php(837): App\Controllers\Login->index()
#5 C:\xampp\htdocs\skripsi-arya\vendor\codeigniter4\framework\system\CodeIgniter.php(424): CodeIgniter\CodeIgniter->runController(Object(App\Controllers\Login))
#6 C:\xampp\htdocs\skripsi-arya\vendor\codeigniter4\framework\system\CodeIgniter.php(331): CodeIgniter\CodeIgniter->handleRequest(NULL, Object(Config\Cache), false)
#7 C:\xampp\htdocs\skripsi-arya\index.php(37): CodeIgniter\CodeIgniter->run()
#8 {main}
CRITICAL - 2024-05-15 09:51:52 --> Call to undefined function form_open()
#0 C:\xampp\htdocs\skripsi-arya\vendor\codeigniter4\framework\system\View\View.php(210): include()
#1 C:\xampp\htdocs\skripsi-arya\vendor\codeigniter4\framework\system\View\View.php(213): CodeIgniter\View\View->CodeIgniter\View\{closure}()
#2 C:\xampp\htdocs\skripsi-arya\vendor\codeigniter4\framework\system\Common.php(1089): CodeIgniter\View\View->render('admin/login', Array, true)
#3 C:\xampp\htdocs\skripsi-arya\app\Controllers\Login.php(10): view('admin/login')
#4 C:\xampp\htdocs\skripsi-arya\vendor\codeigniter4\framework\system\CodeIgniter.php(837): App\Controllers\Login->index()
#5 C:\xampp\htdocs\skripsi-arya\vendor\codeigniter4\framework\system\CodeIgniter.php(424): CodeIgniter\CodeIgniter->runController(Object(App\Controllers\Login))
#6 C:\xampp\htdocs\skripsi-arya\vendor\codeigniter4\framework\system\CodeIgniter.php(331): CodeIgniter\CodeIgniter->handleRequest(NULL, Object(Config\Cache), false)
#7 C:\xampp\htdocs\skripsi-arya\index.php(37): CodeIgniter\CodeIgniter->run()
#8 {main}
CRITICAL - 2024-05-15 09:51:52 --> Call to undefined function form_open()
#0 C:\xampp\htdocs\skripsi-arya\vendor\codeigniter4\framework\system\View\View.php(210): include()
#1 C:\xampp\htdocs\skripsi-arya\vendor\codeigniter4\framework\system\View\View.php(213): CodeIgniter\View\View->CodeIgniter\View\{closure}()
#2 C:\xampp\htdocs\skripsi-arya\vendor\codeigniter4\framework\system\Common.php(1089): CodeIgniter\View\View->render('admin/login', Array, true)
#3 C:\xampp\htdocs\skripsi-arya\app\Controllers\Login.php(10): view('admin/login')
#4 C:\xampp\htdocs\skripsi-arya\vendor\codeigniter4\framework\system\CodeIgniter.php(837): App\Controllers\Login->index()
#5 C:\xampp\htdocs\skripsi-arya\vendor\codeigniter4\framework\system\CodeIgniter.php(424): CodeIgniter\CodeIgniter->runController(Object(App\Controllers\Login))
#6 C:\xampp\htdocs\skripsi-arya\vendor\codeigniter4\framework\system\CodeIgniter.php(331): CodeIgniter\CodeIgniter->handleRequest(NULL, Object(Config\Cache), false)
#7 C:\xampp\htdocs\skripsi-arya\index.php(37): CodeIgniter\CodeIgniter->run()
#8 {main}
CRITICAL - 2024-05-15 09:52:18 --> Call to undefined function form_open()
#0 C:\xampp\htdocs\skripsi-arya\vendor\codeigniter4\framework\system\View\View.php(210): include()
#1 C:\xampp\htdocs\skripsi-arya\vendor\codeigniter4\framework\system\View\View.php(213): CodeIgniter\View\View->CodeIgniter\View\{closure}()
#2 C:\xampp\htdocs\skripsi-arya\vendor\codeigniter4\framework\system\Common.php(1089): CodeIgniter\View\View->render('admin/login', Array, true)
#3 C:\xampp\htdocs\skripsi-arya\app\Controllers\Login.php(10): view('admin/login')
#4 C:\xampp\htdocs\skripsi-arya\vendor\codeigniter4\framework\system\CodeIgniter.php(837): App\Controllers\Login->index()
#5 C:\xampp\htdocs\skripsi-arya\vendor\codeigniter4\framework\system\CodeIgniter.php(424): CodeIgniter\CodeIgniter->runController(Object(App\Controllers\Login))
#6 C:\xampp\htdocs\skripsi-arya\vendor\codeigniter4\framework\system\CodeIgniter.php(331): CodeIgniter\CodeIgniter->handleRequest(NULL, Object(Config\Cache), false)
#7 C:\xampp\htdocs\skripsi-arya\index.php(37): CodeIgniter\CodeIgniter->run()
#8 {main}
CRITICAL - 2024-05-15 09:59:34 --> Call to undefined function form_open()
#0 C:\xampp\htdocs\skripsi-arya\vendor\codeigniter4\framework\system\View\View.php(210): include()
#1 C:\xampp\htdocs\skripsi-arya\vendor\codeigniter4\framework\system\View\View.php(213): CodeIgniter\View\View->CodeIgniter\View\{closure}()
#2 C:\xampp\htdocs\skripsi-arya\vendor\codeigniter4\framework\system\Common.php(1089): CodeIgniter\View\View->render('admin/login', Array, true)
#3 C:\xampp\htdocs\skripsi-arya\app\Controllers\Login.php(10): view('admin/login')
#4 C:\xampp\htdocs\skripsi-arya\vendor\codeigniter4\framework\system\CodeIgniter.php(837): App\Controllers\Login->index()
#5 C:\xampp\htdocs\skripsi-arya\vendor\codeigniter4\framework\system\CodeIgniter.php(424): CodeIgniter\CodeIgniter->runController(Object(App\Controllers\Login))
#6 C:\xampp\htdocs\skripsi-arya\vendor\codeigniter4\framework\system\CodeIgniter.php(331): CodeIgniter\CodeIgniter->handleRequest(NULL, Object(Config\Cache), false)
#7 C:\xampp\htdocs\skripsi-arya\index.php(37): CodeIgniter\CodeIgniter->run()
#8 {main}
CRITICAL - 2024-05-15 09:59:35 --> Call to undefined function form_open()
#0 C:\xampp\htdocs\skripsi-arya\vendor\codeigniter4\framework\system\View\View.php(210): include()
#1 C:\xampp\htdocs\skripsi-arya\vendor\codeigniter4\framework\system\View\View.php(213): CodeIgniter\View\View->CodeIgniter\View\{closure}()
#2 C:\xampp\htdocs\skripsi-arya\vendor\codeigniter4\framework\system\Common.php(1089): CodeIgniter\View\View->render('admin/login', Array, true)
#3 C:\xampp\htdocs\skripsi-arya\app\Controllers\Login.php(10): view('admin/login')
#4 C:\xampp\htdocs\skripsi-arya\vendor\codeigniter4\framework\system\CodeIgniter.php(837): App\Controllers\Login->index()
#5 C:\xampp\htdocs\skripsi-arya\vendor\codeigniter4\framework\system\CodeIgniter.php(424): CodeIgniter\CodeIgniter->runController(Object(App\Controllers\Login))
#6 C:\xampp\htdocs\skripsi-arya\vendor\codeigniter4\framework\system\CodeIgniter.php(331): CodeIgniter\CodeIgniter->handleRequest(NULL, Object(Config\Cache), false)
#7 C:\xampp\htdocs\skripsi-arya\index.php(37): CodeIgniter\CodeIgniter->run()
#8 {main}
CRITICAL - 2024-05-15 09:59:36 --> Call to undefined function form_open()
#0 C:\xampp\htdocs\skripsi-arya\vendor\codeigniter4\framework\system\View\View.php(210): include()
#1 C:\xampp\htdocs\skripsi-arya\vendor\codeigniter4\framework\system\View\View.php(213): CodeIgniter\View\View->CodeIgniter\View\{closure}()
#2 C:\xampp\htdocs\skripsi-arya\vendor\codeigniter4\framework\system\Common.php(1089): CodeIgniter\View\View->render('admin/login', Array, true)
#3 C:\xampp\htdocs\skripsi-arya\app\Controllers\Login.php(10): view('admin/login')
#4 C:\xampp\htdocs\skripsi-arya\vendor\codeigniter4\framework\system\CodeIgniter.php(837): App\Controllers\Login->index()
#5 C:\xampp\htdocs\skripsi-arya\vendor\codeigniter4\framework\system\CodeIgniter.php(424): CodeIgniter\CodeIgniter->runController(Object(App\Controllers\Login))
#6 C:\xampp\htdocs\skripsi-arya\vendor\codeigniter4\framework\system\CodeIgniter.php(331): CodeIgniter\CodeIgniter->handleRequest(NULL, Object(Config\Cache), false)
#7 C:\xampp\htdocs\skripsi-arya\index.php(37): CodeIgniter\CodeIgniter->run()
#8 {main}
CRITICAL - 2024-05-15 09:59:36 --> Call to undefined function form_open()
#0 C:\xampp\htdocs\skripsi-arya\vendor\codeigniter4\framework\system\View\View.php(210): include()
#1 C:\xampp\htdocs\skripsi-arya\vendor\codeigniter4\framework\system\View\View.php(213): CodeIgniter\View\View->CodeIgniter\View\{closure}()
#2 C:\xampp\htdocs\skripsi-arya\vendor\codeigniter4\framework\system\Common.php(1089): CodeIgniter\View\View->render('admin/login', Array, true)
#3 C:\xampp\htdocs\skripsi-arya\app\Controllers\Login.php(10): view('admin/login')
#4 C:\xampp\htdocs\skripsi-arya\vendor\codeigniter4\framework\system\CodeIgniter.php(837): App\Controllers\Login->index()
#5 C:\xampp\htdocs\skripsi-arya\vendor\codeigniter4\framework\system\CodeIgniter.php(424): CodeIgniter\CodeIgniter->runController(Object(App\Controllers\Login))
#6 C:\xampp\htdocs\skripsi-arya\vendor\codeigniter4\framework\system\CodeIgniter.php(331): CodeIgniter\CodeIgniter->handleRequest(NULL, Object(Config\Cache), false)
#7 C:\xampp\htdocs\skripsi-arya\index.php(37): CodeIgniter\CodeIgniter->run()
#8 {main}
CRITICAL - 2024-05-15 10:00:57 --> Call to undefined function form_open()
#0 C:\xampp\htdocs\skripsi-arya\vendor\codeigniter4\framework\system\View\View.php(210): include()
#1 C:\xampp\htdocs\skripsi-arya\vendor\codeigniter4\framework\system\View\View.php(213): CodeIgniter\View\View->CodeIgniter\View\{closure}()
#2 C:\xampp\htdocs\skripsi-arya\vendor\codeigniter4\framework\system\Common.php(1089): CodeIgniter\View\View->render('admin/login', Array, true)
#3 C:\xampp\htdocs\skripsi-arya\app\Controllers\Login.php(10): view('admin/login')
#4 C:\xampp\htdocs\skripsi-arya\vendor\codeigniter4\framework\system\CodeIgniter.php(837): App\Controllers\Login->index()
#5 C:\xampp\htdocs\skripsi-arya\vendor\codeigniter4\framework\system\CodeIgniter.php(424): CodeIgniter\CodeIgniter->runController(Object(App\Controllers\Login))
#6 C:\xampp\htdocs\skripsi-arya\vendor\codeigniter4\framework\system\CodeIgniter.php(331): CodeIgniter\CodeIgniter->handleRequest(NULL, Object(Config\Cache), false)
#7 C:\xampp\htdocs\skripsi-arya\index.php(37): CodeIgniter\CodeIgniter->run()
#8 {main}
CRITICAL - 2024-05-15 10:00:57 --> Call to undefined function form_open()
#0 C:\xampp\htdocs\skripsi-arya\vendor\codeigniter4\framework\system\View\View.php(210): include()
#1 C:\xampp\htdocs\skripsi-arya\vendor\codeigniter4\framework\system\View\View.php(213): CodeIgniter\View\View->CodeIgniter\View\{closure}()
#2 C:\xampp\htdocs\skripsi-arya\vendor\codeigniter4\framework\system\Common.php(1089): CodeIgniter\View\View->render('admin/login', Array, true)
#3 C:\xampp\htdocs\skripsi-arya\app\Controllers\Login.php(10): view('admin/login')
#4 C:\xampp\htdocs\skripsi-arya\vendor\codeigniter4\framework\system\CodeIgniter.php(837): App\Controllers\Login->index()
#5 C:\xampp\htdocs\skripsi-arya\vendor\codeigniter4\framework\system\CodeIgniter.php(424): CodeIgniter\CodeIgniter->runController(Object(App\Controllers\Login))
#6 C:\xampp\htdocs\skripsi-arya\vendor\codeigniter4\framework\system\CodeIgniter.php(331): CodeIgniter\CodeIgniter->handleRequest(NULL, Object(Config\Cache), false)
#7 C:\xampp\htdocs\skripsi-arya\index.php(37): CodeIgniter\CodeIgniter->run()
#8 {main}
CRITICAL - 2024-05-15 10:01:47 --> Undefined variable $data
#0 C:\xampp\htdocs\skripsi-arya\app\Controllers\Login.php(10): CodeIgniter\Debug\Exceptions->errorHandler(2, 'Undefined varia...', 'C:\\xampp\\htdocs...', 10)
#1 C:\xampp\htdocs\skripsi-arya\vendor\codeigniter4\framework\system\CodeIgniter.php(837): App\Controllers\Login->index()
#2 C:\xampp\htdocs\skripsi-arya\vendor\codeigniter4\framework\system\CodeIgniter.php(424): CodeIgniter\CodeIgniter->runController(Object(App\Controllers\Login))
#3 C:\xampp\htdocs\skripsi-arya\vendor\codeigniter4\framework\system\CodeIgniter.php(331): CodeIgniter\CodeIgniter->handleRequest(NULL, Object(Config\Cache), false)
#4 C:\xampp\htdocs\skripsi-arya\index.php(37): CodeIgniter\CodeIgniter->run()
#5 {main}
CRITICAL - 2024-05-15 10:01:48 --> Undefined variable $data
#0 C:\xampp\htdocs\skripsi-arya\app\Controllers\Login.php(10): CodeIgniter\Debug\Exceptions->errorHandler(2, 'Undefined varia...', 'C:\\xampp\\htdocs...', 10)
#1 C:\xampp\htdocs\skripsi-arya\vendor\codeigniter4\framework\system\CodeIgniter.php(837): App\Controllers\Login->index()
#2 C:\xampp\htdocs\skripsi-arya\vendor\codeigniter4\framework\system\CodeIgniter.php(424): CodeIgniter\CodeIgniter->runController(Object(App\Controllers\Login))
#3 C:\xampp\htdocs\skripsi-arya\vendor\codeigniter4\framework\system\CodeIgniter.php(331): CodeIgniter\CodeIgniter->handleRequest(NULL, Object(Config\Cache), false)
#4 C:\xampp\htdocs\skripsi-arya\index.php(37): CodeIgniter\CodeIgniter->run()
#5 {main}
CRITICAL - 2024-05-15 10:08:08 --> Call to undefined function form_open()
#0 C:\xampp\htdocs\skripsi-arya\vendor\codeigniter4\framework\system\View\View.php(210): include()
#1 C:\xampp\htdocs\skripsi-arya\vendor\codeigniter4\framework\system\View\View.php(213): CodeIgniter\View\View->CodeIgniter\View\{closure}()
#2 C:\xampp\htdocs\skripsi-arya\vendor\codeigniter4\framework\system\Common.php(1089): CodeIgniter\View\View->render('admin/login', Array, true)
#3 C:\xampp\htdocs\skripsi-arya\app\Controllers\Login.php(10): view('admin/login')
#4 C:\xampp\htdocs\skripsi-arya\vendor\codeigniter4\framework\system\CodeIgniter.php(837): App\Controllers\Login->index()
#5 C:\xampp\htdocs\skripsi-arya\vendor\codeigniter4\framework\system\CodeIgniter.php(424): CodeIgniter\CodeIgniter->runController(Object(App\Controllers\Login))
#6 C:\xampp\htdocs\skripsi-arya\vendor\codeigniter4\framework\system\CodeIgniter.php(331): CodeIgniter\CodeIgniter->handleRequest(NULL, Object(Config\Cache), false)
#7 C:\xampp\htdocs\skripsi-arya\index.php(37): CodeIgniter\CodeIgniter->run()
#8 {main}
ERROR - 2024-05-15 10:48:51 --> Error connecting to the database: MySQL server has gone away
CRITICAL - 2024-05-15 10:48:51 --> Unable to connect to the database.
Main connection [MySQLi]: MySQL server has gone away
#0 C:\xampp\htdocs\skripsi-arya\vendor\codeigniter4\framework\system\Database\BaseConnection.php(577): CodeIgniter\Database\BaseConnection->initialize()
#1 C:\xampp\htdocs\skripsi-arya\vendor\codeigniter4\framework\system\Database\BaseBuilder.php(1455): CodeIgniter\Database\BaseConnection->query('SELECT *\nFROM `...', Array, false)
#2 C:\xampp\htdocs\skripsi-arya\vendor\codeigniter4\framework\system\Model.php(183): CodeIgniter\Database\BaseBuilder->get()
#3 C:\xampp\htdocs\skripsi-arya\vendor\codeigniter4\framework\system\BaseModel.php(584): CodeIgniter\Model->doFindAll(0, 0)
#4 C:\xampp\htdocs\skripsi-arya\app\Controllers\Admin.php(12): CodeIgniter\BaseModel->findAll()
#5 C:\xampp\htdocs\skripsi-arya\vendor\codeigniter4\framework\system\CodeIgniter.php(837): App\Controllers\Admin->index()
#6 C:\xampp\htdocs\skripsi-arya\vendor\codeigniter4\framework\system\CodeIgniter.php(424): CodeIgniter\CodeIgniter->runController(Object(App\Controllers\Admin))
#7 C:\xampp\htdocs\skripsi-arya\vendor\codeigniter4\framework\system\CodeIgniter.php(331): CodeIgniter\CodeIgniter->handleRequest(NULL, Object(Config\Cache), false)
#8 C:\xampp\htdocs\skripsi-arya\index.php(37): CodeIgniter\CodeIgniter->run()
#9 {main}
ERROR - 2024-05-15 10:49:09 --> Error connecting to the database: No connection could be made because the target machine actively refused it
CRITICAL - 2024-05-15 10:49:09 --> Unable to connect to the database.
Main connection [MySQLi]: No connection could be made because the target machine actively refused it
#0 C:\xampp\htdocs\skripsi-arya\vendor\codeigniter4\framework\system\Database\BaseConnection.php(577): CodeIgniter\Database\BaseConnection->initialize()
#1 C:\xampp\htdocs\skripsi-arya\vendor\codeigniter4\framework\system\Database\BaseBuilder.php(1455): CodeIgniter\Database\BaseConnection->query('SELECT *\nFROM `...', Array, false)
#2 C:\xampp\htdocs\skripsi-arya\vendor\codeigniter4\framework\system\Model.php(183): CodeIgniter\Database\BaseBuilder->get()
#3 C:\xampp\htdocs\skripsi-arya\vendor\codeigniter4\framework\system\BaseModel.php(584): CodeIgniter\Model->doFindAll(0, 0)
#4 C:\xampp\htdocs\skripsi-arya\app\Controllers\Admin.php(12): CodeIgniter\BaseModel->findAll()
#5 C:\xampp\htdocs\skripsi-arya\vendor\codeigniter4\framework\system\CodeIgniter.php(837): App\Controllers\Admin->index()
#6 C:\xampp\htdocs\skripsi-arya\vendor\codeigniter4\framework\system\CodeIgniter.php(424): CodeIgniter\CodeIgniter->runController(Object(App\Controllers\Admin))
#7 C:\xampp\htdocs\skripsi-arya\vendor\codeigniter4\framework\system\CodeIgniter.php(331): CodeIgniter\CodeIgniter->handleRequest(NULL, Object(Config\Cache), false)
#8 C:\xampp\htdocs\skripsi-arya\index.php(37): CodeIgniter\CodeIgniter->run()
#9 {main}
ERROR - 2024-05-15 10:49:24 --> Error connecting to the database: No connection could be made because the target machine actively refused it
CRITICAL - 2024-05-15 10:49:24 --> Unable to connect to the database.
Main connection [MySQLi]: No connection could be made because the target machine actively refused it
#0 C:\xampp\htdocs\skripsi-arya\vendor\codeigniter4\framework\system\Database\BaseConnection.php(577): CodeIgniter\Database\BaseConnection->initialize()
#1 C:\xampp\htdocs\skripsi-arya\vendor\codeigniter4\framework\system\Database\BaseBuilder.php(1455): CodeIgniter\Database\BaseConnection->query('SELECT *\nFROM `...', Array, false)
#2 C:\xampp\htdocs\skripsi-arya\vendor\codeigniter4\framework\system\Model.php(183): CodeIgniter\Database\BaseBuilder->get()
#3 C:\xampp\htdocs\skripsi-arya\vendor\codeigniter4\framework\system\BaseModel.php(584): CodeIgniter\Model->doFindAll(0, 0)
#4 C:\xampp\htdocs\skripsi-arya\app\Controllers\Admin.php(12): CodeIgniter\BaseModel->findAll()
#5 C:\xampp\htdocs\skripsi-arya\vendor\codeigniter4\framework\system\CodeIgniter.php(837): App\Controllers\Admin->index()
#6 C:\xampp\htdocs\skripsi-arya\vendor\codeigniter4\framework\system\CodeIgniter.php(424): CodeIgniter\CodeIgniter->runController(Object(App\Controllers\Admin))
#7 C:\xampp\htdocs\skripsi-arya\vendor\codeigniter4\framework\system\CodeIgniter.php(331): CodeIgniter\CodeIgniter->handleRequest(NULL, Object(Config\Cache), false)
#8 C:\xampp\htdocs\skripsi-arya\index.php(37): CodeIgniter\CodeIgniter->run()
#9 {main}
ERROR - 2024-05-15 10:49:28 --> Error connecting to the database: No connection could be made because the target machine actively refused it
CRITICAL - 2024-05-15 10:49:28 --> Unable to connect to the database.
Main connection [MySQLi]: No connection could be made because the target machine actively refused it
#0 C:\xampp\htdocs\skripsi-arya\vendor\codeigniter4\framework\system\Database\BaseConnection.php(577): CodeIgniter\Database\BaseConnection->initialize()
#1 C:\xampp\htdocs\skripsi-arya\vendor\codeigniter4\framework\system\Database\BaseBuilder.php(1455): CodeIgniter\Database\BaseConnection->query('SELECT *\nFROM `...', Array, false)
#2 C:\xampp\htdocs\skripsi-arya\vendor\codeigniter4\framework\system\Model.php(183): CodeIgniter\Database\BaseBuilder->get()
#3 C:\xampp\htdocs\skripsi-arya\vendor\codeigniter4\framework\system\BaseModel.php(584): CodeIgniter\Model->doFindAll(0, 0)
#4 C:\xampp\htdocs\skripsi-arya\app\Controllers\Admin.php(12): CodeIgniter\BaseModel->findAll()
#5 C:\xampp\htdocs\skripsi-arya\vendor\codeigniter4\framework\system\CodeIgniter.php(837): App\Controllers\Admin->index()
#6 C:\xampp\htdocs\skripsi-arya\vendor\codeigniter4\framework\system\CodeIgniter.php(424): CodeIgniter\CodeIgniter->runController(Object(App\Controllers\Admin))
#7 C:\xampp\htdocs\skripsi-arya\vendor\codeigniter4\framework\system\CodeIgniter.php(331): CodeIgniter\CodeIgniter->handleRequest(NULL, Object(Config\Cache), false)
#8 C:\xampp\htdocs\skripsi-arya\index.php(37): CodeIgniter\CodeIgniter->run()
#9 {main}
ERROR - 2024-05-15 10:49:47 --> Error connecting to the database: No connection could be made because the target machine actively refused it
CRITICAL - 2024-05-15 10:49:47 --> Unable to connect to the database.
Main connection [MySQLi]: No connection could be made because the target machine actively refused it
#0 C:\xampp\htdocs\skripsi-arya\vendor\codeigniter4\framework\system\Database\BaseConnection.php(577): CodeIgniter\Database\BaseConnection->initialize()
#1 C:\xampp\htdocs\skripsi-arya\vendor\codeigniter4\framework\system\Database\BaseBuilder.php(1455): CodeIgniter\Database\BaseConnection->query('SELECT *\nFROM `...', Array, false)
#2 C:\xampp\htdocs\skripsi-arya\vendor\codeigniter4\framework\system\Model.php(183): CodeIgniter\Database\BaseBuilder->get()
#3 C:\xampp\htdocs\skripsi-arya\vendor\codeigniter4\framework\system\BaseModel.php(584): CodeIgniter\Model->doFindAll(0, 0)
#4 C:\xampp\htdocs\skripsi-arya\app\Controllers\Home.php(11): CodeIgniter\BaseModel->findAll()
#5 C:\xampp\htdocs\skripsi-arya\vendor\codeigniter4\framework\system\CodeIgniter.php(837): App\Controllers\Home->index()
#6 C:\xampp\htdocs\skripsi-arya\vendor\codeigniter4\framework\system\CodeIgniter.php(424): CodeIgniter\CodeIgniter->runController(Object(App\Controllers\Home))
#7 C:\xampp\htdocs\skripsi-arya\vendor\codeigniter4\framework\system\CodeIgniter.php(331): CodeIgniter\CodeIgniter->handleRequest(NULL, Object(Config\Cache), false)
#8 C:\xampp\htdocs\skripsi-arya\index.php(37): CodeIgniter\CodeIgniter->run()
#9 {main}
ERROR - 2024-05-15 10:52:01 --> Error connecting to the database: MySQL server has gone away
CRITICAL - 2024-05-15 10:52:01 --> Unable to connect to the database.
Main connection [MySQLi]: MySQL server has gone away
#0 C:\xampp\htdocs\skripsi-arya\vendor\codeigniter4\framework\system\Database\BaseConnection.php(577): CodeIgniter\Database\BaseConnection->initialize()
#1 C:\xampp\htdocs\skripsi-arya\vendor\codeigniter4\framework\system\Database\BaseBuilder.php(1455): CodeIgniter\Database\BaseConnection->query('SELECT *\nFROM `...', Array, false)
#2 C:\xampp\htdocs\skripsi-arya\vendor\codeigniter4\framework\system\Model.php(183): CodeIgniter\Database\BaseBuilder->get()
#3 C:\xampp\htdocs\skripsi-arya\vendor\codeigniter4\framework\system\BaseModel.php(584): CodeIgniter\Model->doFindAll(0, 0)
#4 C:\xampp\htdocs\skripsi-arya\app\Controllers\Home.php(11): CodeIgniter\BaseModel->findAll()
#5 C:\xampp\htdocs\skripsi-arya\vendor\codeigniter4\framework\system\CodeIgniter.php(837): App\Controllers\Home->index()
#6 C:\xampp\htdocs\skripsi-arya\vendor\codeigniter4\framework\system\CodeIgniter.php(424): CodeIgniter\CodeIgniter->runController(Object(App\Controllers\Home))
#7 C:\xampp\htdocs\skripsi-arya\vendor\codeigniter4\framework\system\CodeIgniter.php(331): CodeIgniter\CodeIgniter->handleRequest(NULL, Object(Config\Cache), false)
#8 C:\xampp\htdocs\skripsi-arya\index.php(37): CodeIgniter\CodeIgniter->run()
#9 {main}
