CRITICAL - 2024-05-17 09:06:46 --> Undefined array key "id"
#0 C:\xampp\htdocs\skripsi-arya\app\Controllers\Login.php(33): CodeIgniter\Debug\Exceptions->errorHandler(2, 'Undefined array...', 'C:\\xampp\\htdocs...', 33)
#1 C:\xampp\htdocs\skripsi-arya\vendor\codeigniter4\framework\system\CodeIgniter.php(837): App\Controllers\Login->login()
#2 C:\xampp\htdocs\skripsi-arya\vendor\codeigniter4\framework\system\CodeIgniter.php(424): CodeIgniter\CodeIgniter->runController(Object(App\Controllers\Login))
#3 C:\xampp\htdocs\skripsi-arya\vendor\codeigniter4\framework\system\CodeIgniter.php(331): CodeIgniter\CodeIgniter->handleRequest(NULL, Object(Config\Cache), false)
#4 C:\xampp\htdocs\skripsi-arya\index.php(37): CodeIgniter\CodeIgniter->run()
#5 {main}
CRITICAL - 2024-05-17 09:34:47 --> Invalid file: template/includes/auth/meta.php
#0 C:\xampp\htdocs\skripsi-arya\vendor\codeigniter4\framework\system\View\View.php(198): CodeIgniter\Exceptions\FrameworkException::forInvalidFile('template/includ...')
#1 C:\xampp\htdocs\skripsi-arya\vendor\codeigniter4\framework\system\View\View.php(424): CodeIgniter\View\View->render('template/includ...', NULL, true)
#2 C:\xampp\htdocs\skripsi-arya\app\Views\template\login-template.php(5): CodeIgniter\View\View->include('template/includ...')
#3 C:\xampp\htdocs\skripsi-arya\vendor\codeigniter4\framework\system\View\View.php(210): include('C:\\xampp\\htdocs...')
#4 C:\xampp\htdocs\skripsi-arya\vendor\codeigniter4\framework\system\View\View.php(213): CodeIgniter\View\View->CodeIgniter\View\{closure}()
#5 C:\xampp\htdocs\skripsi-arya\vendor\codeigniter4\framework\system\View\View.php(226): CodeIgniter\View\View->render('template/login-...', Array, true)
#6 C:\xampp\htdocs\skripsi-arya\vendor\codeigniter4\framework\system\Common.php(1089): CodeIgniter\View\View->render('admin/login', Array, true)
#7 C:\xampp\htdocs\skripsi-arya\app\Controllers\Login.php(15): view('admin/login')
#8 C:\xampp\htdocs\skripsi-arya\vendor\codeigniter4\framework\system\CodeIgniter.php(837): App\Controllers\Login->index()
#9 C:\xampp\htdocs\skripsi-arya\vendor\codeigniter4\framework\system\CodeIgniter.php(424): CodeIgniter\CodeIgniter->runController(Object(App\Controllers\Login))
#10 C:\xampp\htdocs\skripsi-arya\vendor\codeigniter4\framework\system\CodeIgniter.php(331): CodeIgniter\CodeIgniter->handleRequest(NULL, Object(Config\Cache), false)
#11 C:\xampp\htdocs\skripsi-arya\index.php(37): CodeIgniter\CodeIgniter->run()
#12 {main}
CRITICAL - 2024-05-17 09:34:58 --> Invalid file: template/includes/styles.php
#0 C:\xampp\htdocs\skripsi-arya\vendor\codeigniter4\framework\system\View\View.php(198): CodeIgniter\Exceptions\FrameworkException::forInvalidFile('template/includ...')
#1 C:\xampp\htdocs\skripsi-arya\vendor\codeigniter4\framework\system\View\View.php(424): CodeIgniter\View\View->render('template/includ...', NULL, true)
#2 C:\xampp\htdocs\skripsi-arya\app\Views\template\login-template.php(8): CodeIgniter\View\View->include('template/includ...')
#3 C:\xampp\htdocs\skripsi-arya\vendor\codeigniter4\framework\system\View\View.php(210): include('C:\\xampp\\htdocs...')
#4 C:\xampp\htdocs\skripsi-arya\vendor\codeigniter4\framework\system\View\View.php(213): CodeIgniter\View\View->CodeIgniter\View\{closure}()
#5 C:\xampp\htdocs\skripsi-arya\vendor\codeigniter4\framework\system\View\View.php(226): CodeIgniter\View\View->render('template/login-...', Array, true)
#6 C:\xampp\htdocs\skripsi-arya\vendor\codeigniter4\framework\system\Common.php(1089): CodeIgniter\View\View->render('admin/login', Array, true)
#7 C:\xampp\htdocs\skripsi-arya\app\Controllers\Login.php(15): view('admin/login')
#8 C:\xampp\htdocs\skripsi-arya\vendor\codeigniter4\framework\system\CodeIgniter.php(837): App\Controllers\Login->index()
#9 C:\xampp\htdocs\skripsi-arya\vendor\codeigniter4\framework\system\CodeIgniter.php(424): CodeIgniter\CodeIgniter->runController(Object(App\Controllers\Login))
#10 C:\xampp\htdocs\skripsi-arya\vendor\codeigniter4\framework\system\CodeIgniter.php(331): CodeIgniter\CodeIgniter->handleRequest(NULL, Object(Config\Cache), false)
#11 C:\xampp\htdocs\skripsi-arya\index.php(37): CodeIgniter\CodeIgniter->run()
#12 {main}
CRITICAL - 2024-05-17 09:35:25 --> Invalid file: template/includes/styles.php
#0 C:\xampp\htdocs\skripsi-arya\vendor\codeigniter4\framework\system\View\View.php(198): CodeIgniter\Exceptions\FrameworkException::forInvalidFile('template/includ...')
#1 C:\xampp\htdocs\skripsi-arya\vendor\codeigniter4\framework\system\View\View.php(424): CodeIgniter\View\View->render('template/includ...', NULL, true)
#2 C:\xampp\htdocs\skripsi-arya\app\Views\template\login-template.php(8): CodeIgniter\View\View->include('template/includ...')
#3 C:\xampp\htdocs\skripsi-arya\vendor\codeigniter4\framework\system\View\View.php(210): include('C:\\xampp\\htdocs...')
#4 C:\xampp\htdocs\skripsi-arya\vendor\codeigniter4\framework\system\View\View.php(213): CodeIgniter\View\View->CodeIgniter\View\{closure}()
#5 C:\xampp\htdocs\skripsi-arya\vendor\codeigniter4\framework\system\View\View.php(226): CodeIgniter\View\View->render('template/login-...', Array, true)
#6 C:\xampp\htdocs\skripsi-arya\vendor\codeigniter4\framework\system\Common.php(1089): CodeIgniter\View\View->render('admin/login', Array, true)
#7 C:\xampp\htdocs\skripsi-arya\app\Controllers\Login.php(15): view('admin/login')
#8 C:\xampp\htdocs\skripsi-arya\vendor\codeigniter4\framework\system\CodeIgniter.php(837): App\Controllers\Login->index()
#9 C:\xampp\htdocs\skripsi-arya\vendor\codeigniter4\framework\system\CodeIgniter.php(424): CodeIgniter\CodeIgniter->runController(Object(App\Controllers\Login))
#10 C:\xampp\htdocs\skripsi-arya\vendor\codeigniter4\framework\system\CodeIgniter.php(331): CodeIgniter\CodeIgniter->handleRequest(NULL, Object(Config\Cache), false)
#11 C:\xampp\htdocs\skripsi-arya\index.php(37): CodeIgniter\CodeIgniter->run()
#12 {main}
